  animation.cpp
c:\users\mitnick\source\repos\projectairwar\projectairwar\define.h(97): warning C4005: 'GL_CLEAR': macro redefinition
  c:\users\mitnick\source\repos\projectairwar\projectairwar\include\gl\glew.h(647): note: see previous definition of 'GL_CLEAR'
c:\users\mitnick\source\repos\projectairwar\projectairwar\define.h(119): warning C4091: 'typedef ': ignored on left of '`anonymous-namespace'::Point' when no variable is declared
c:\users\mitnick\source\repos\projectairwar\projectairwar\define.h(124): warning C4091: 'typedef ': ignored on left of '`anonymous-namespace'::Pointf' when no variable is declared
c:\users\mitnick\source\repos\projectairwar\projectairwar\define.h(129): warning C4091: 'typedef ': ignored on left of '`anonymous-namespace'::Rect' when no variable is declared
c:\users\mitnick\source\repos\projectairwar\projectairwar\define.h(134): warning C4091: 'typedef ': ignored on left of '`anonymous-namespace'::Rectf' when no variable is declared
c:\users\mitnick\source\repos\projectairwar\projectairwar\list.hpp(40): warning C4477: 'printf' : format string '%X' requires an argument of type 'unsigned int', but variadic argument 1 has type 'List *'
c:\users\mitnick\source\repos\projectairwar\projectairwar\animation.h(40): warning C4091: 'typedef ': ignored on left of 'Animation::ANIMATION_STATUS' when no variable is declared
c:\users\mitnick\source\repos\projectairwar\projectairwar\animation.h(49): warning C4091: 'typedef ': ignored on left of 'Animation::TRANSFORM' when no variable is declared
c:\users\mitnick\source\repos\projectairwar\projectairwar\camera.h(72): warning C4091: 'typedef ': ignored on left of 'SkyboxTextures' when no variable is declared
c:\users\mitnick\source\repos\projectairwar\projectairwar\unit.h(41): warning C4091: 'typedef ': ignored on left of 'Unit::ShadowInfo' when no variable is declared
  buttons.cpp
c:\users\mitnick\source\repos\projectairwar\projectairwar\define.h(97): warning C4005: 'GL_CLEAR': macro redefinition
  c:\users\mitnick\source\repos\projectairwar\projectairwar\include\gl\glew.h(647): note: see previous definition of 'GL_CLEAR'
c:\users\mitnick\source\repos\projectairwar\projectairwar\define.h(119): warning C4091: 'typedef ': ignored on left of '`anonymous-namespace'::Point' when no variable is declared
c:\users\mitnick\source\repos\projectairwar\projectairwar\define.h(124): warning C4091: 'typedef ': ignored on left of '`anonymous-namespace'::Pointf' when no variable is declared
c:\users\mitnick\source\repos\projectairwar\projectairwar\define.h(129): warning C4091: 'typedef ': ignored on left of '`anonymous-namespace'::Rect' when no variable is declared
c:\users\mitnick\source\repos\projectairwar\projectairwar\define.h(134): warning C4091: 'typedef ': ignored on left of '`anonymous-namespace'::Rectf' when no variable is declared
c:\users\mitnick\source\repos\projectairwar\projectairwar\buttons.h(14): warning C4091: 'typedef ': ignored on left of 'Button' when no variable is declared
c:\users\mitnick\source\repos\projectairwar\projectairwar\buttons.cpp(29): warning C4018: '<': signed/unsigned mismatch
c:\users\mitnick\source\repos\projectairwar\projectairwar\buttons.cpp(133): warning C4018: '<': signed/unsigned mismatch
  camera.cpp
c:\users\mitnick\source\repos\projectairwar\projectairwar\define.h(97): warning C4005: 'GL_CLEAR': macro redefinition
  c:\users\mitnick\source\repos\projectairwar\projectairwar\include\gl\glew.h(647): note: see previous definition of 'GL_CLEAR'
c:\users\mitnick\source\repos\projectairwar\projectairwar\define.h(119): warning C4091: 'typedef ': ignored on left of '`anonymous-namespace'::Point' when no variable is declared
c:\users\mitnick\source\repos\projectairwar\projectairwar\define.h(124): warning C4091: 'typedef ': ignored on left of '`anonymous-namespace'::Pointf' when no variable is declared
c:\users\mitnick\source\repos\projectairwar\projectairwar\define.h(129): warning C4091: 'typedef ': ignored on left of '`anonymous-namespace'::Rect' when no variable is declared
c:\users\mitnick\source\repos\projectairwar\projectairwar\define.h(134): warning C4091: 'typedef ': ignored on left of '`anonymous-namespace'::Rectf' when no variable is declared
c:\users\mitnick\source\repos\projectairwar\projectairwar\camera.h(72): warning C4091: 'typedef ': ignored on left of 'SkyboxTextures' when no variable is declared
c:\users\mitnick\source\repos\projectairwar\projectairwar\camera.cpp(234): warning C4244: '=': conversion from 'float' to 'int', possible loss of data
c:\users\mitnick\source\repos\projectairwar\projectairwar\camera.cpp(244): warning C4244: '=': conversion from 'float' to 'int', possible loss of data
c:\users\mitnick\source\repos\projectairwar\projectairwar\camera.cpp(277): warning C4244: 'argument': conversion from 'int' to 'float', possible loss of data
  demo.cpp
c:\users\mitnick\source\repos\projectairwar\projectairwar\define.h(97): warning C4005: 'GL_CLEAR': macro redefinition
  c:\users\mitnick\source\repos\projectairwar\projectairwar\include\gl\glew.h(647): note: see previous definition of 'GL_CLEAR'
c:\users\mitnick\source\repos\projectairwar\projectairwar\define.h(119): warning C4091: 'typedef ': ignored on left of '`anonymous-namespace'::Point' when no variable is declared
c:\users\mitnick\source\repos\projectairwar\projectairwar\define.h(124): warning C4091: 'typedef ': ignored on left of '`anonymous-namespace'::Pointf' when no variable is declared
c:\users\mitnick\source\repos\projectairwar\projectairwar\define.h(129): warning C4091: 'typedef ': ignored on left of '`anonymous-namespace'::Rect' when no variable is declared
c:\users\mitnick\source\repos\projectairwar\projectairwar\define.h(134): warning C4091: 'typedef ': ignored on left of '`anonymous-namespace'::Rectf' when no variable is declared
c:\users\mitnick\source\repos\projectairwar\projectairwar\fullscreenquad.h(16): warning C4091: 'typedef ': ignored on left of 'ScreenLocation' when no variable is declared
c:\users\mitnick\source\repos\projectairwar\projectairwar\unit.h(41): warning C4091: 'typedef ': ignored on left of 'Unit::ShadowInfo' when no variable is declared
c:\users\mitnick\source\repos\projectairwar\projectairwar\camera.h(72): warning C4091: 'typedef ': ignored on left of 'SkyboxTextures' when no variable is declared
c:\users\mitnick\source\repos\projectairwar\projectairwar\textbitmap.h(30): warning C4091: 'typedef ': ignored on left of 'TextBitmap::Char' when no variable is declared
c:\users\mitnick\source\repos\projectairwar\projectairwar\list.hpp(40): warning C4477: 'printf' : format string '%X' requires an argument of type 'unsigned int', but variadic argument 1 has type 'List *'
c:\users\mitnick\source\repos\projectairwar\projectairwar\demo.cpp(28): warning C4018: '<': signed/unsigned mismatch
c:\users\mitnick\source\repos\projectairwar\projectairwar\demo.cpp(98): warning C4244: 'argument': conversion from 'float' to 'GLsizei', possible loss of data
  demo.h
c:\users\mitnick\source\repos\projectairwar\projectairwar\define.h(97): warning C4005: 'GL_CLEAR': macro redefinition
  c:\users\mitnick\source\repos\projectairwar\projectairwar\include\gl\glew.h(647): note: see previous definition of 'GL_CLEAR'
c:\users\mitnick\source\repos\projectairwar\projectairwar\define.h(119): warning C4091: 'typedef ': ignored on left of '`anonymous-namespace'::Point' when no variable is declared
c:\users\mitnick\source\repos\projectairwar\projectairwar\define.h(124): warning C4091: 'typedef ': ignored on left of '`anonymous-namespace'::Pointf' when no variable is declared
c:\users\mitnick\source\repos\projectairwar\projectairwar\define.h(129): warning C4091: 'typedef ': ignored on left of '`anonymous-namespace'::Rect' when no variable is declared
c:\users\mitnick\source\repos\projectairwar\projectairwar\define.h(134): warning C4091: 'typedef ': ignored on left of '`anonymous-namespace'::Rectf' when no variable is declared
c:\users\mitnick\source\repos\projectairwar\projectairwar\fullscreenquad.h(16): warning C4091: 'typedef ': ignored on left of 'ScreenLocation' when no variable is declared
c:\users\mitnick\source\repos\projectairwar\projectairwar\unit.h(41): warning C4091: 'typedef ': ignored on left of 'Unit::ShadowInfo' when no variable is declared
c:\users\mitnick\source\repos\projectairwar\projectairwar\camera.h(72): warning C4091: 'typedef ': ignored on left of 'SkyboxTextures' when no variable is declared
c:\users\mitnick\source\repos\projectairwar\projectairwar\textbitmap.h(30): warning C4091: 'typedef ': ignored on left of 'TextBitmap::Char' when no variable is declared
  framebuffer.cpp
c:\users\mitnick\source\repos\projectairwar\projectairwar\define.h(97): warning C4005: 'GL_CLEAR': macro redefinition
  c:\users\mitnick\source\repos\projectairwar\projectairwar\include\gl\glew.h(647): note: see previous definition of 'GL_CLEAR'
c:\users\mitnick\source\repos\projectairwar\projectairwar\define.h(119): warning C4091: 'typedef ': ignored on left of '`anonymous-namespace'::Point' when no variable is declared
c:\users\mitnick\source\repos\projectairwar\projectairwar\define.h(124): warning C4091: 'typedef ': ignored on left of '`anonymous-namespace'::Pointf' when no variable is declared
c:\users\mitnick\source\repos\projectairwar\projectairwar\define.h(129): warning C4091: 'typedef ': ignored on left of '`anonymous-namespace'::Rect' when no variable is declared
c:\users\mitnick\source\repos\projectairwar\projectairwar\define.h(134): warning C4091: 'typedef ': ignored on left of '`anonymous-namespace'::Rectf' when no variable is declared
  fullscreenquad.cpp
c:\users\mitnick\source\repos\projectairwar\projectairwar\define.h(97): warning C4005: 'GL_CLEAR': macro redefinition
  c:\users\mitnick\source\repos\projectairwar\projectairwar\include\gl\glew.h(647): note: see previous definition of 'GL_CLEAR'
c:\users\mitnick\source\repos\projectairwar\projectairwar\define.h(119): warning C4091: 'typedef ': ignored on left of '`anonymous-namespace'::Point' when no variable is declared
c:\users\mitnick\source\repos\projectairwar\projectairwar\define.h(124): warning C4091: 'typedef ': ignored on left of '`anonymous-namespace'::Pointf' when no variable is declared
c:\users\mitnick\source\repos\projectairwar\projectairwar\define.h(129): warning C4091: 'typedef ': ignored on left of '`anonymous-namespace'::Rect' when no variable is declared
c:\users\mitnick\source\repos\projectairwar\projectairwar\define.h(134): warning C4091: 'typedef ': ignored on left of '`anonymous-namespace'::Rectf' when no variable is declared
c:\users\mitnick\source\repos\projectairwar\projectairwar\fullscreenquad.h(16): warning C4091: 'typedef ': ignored on left of 'ScreenLocation' when no variable is declared
c:\users\mitnick\source\repos\projectairwar\projectairwar\camera.h(72): warning C4091: 'typedef ': ignored on left of 'SkyboxTextures' when no variable is declared
  main.cpp
c:\users\mitnick\source\repos\projectairwar\projectairwar\define.h(97): warning C4005: 'GL_CLEAR': macro redefinition
  c:\users\mitnick\source\repos\projectairwar\projectairwar\include\gl\glew.h(647): note: see previous definition of 'GL_CLEAR'
c:\users\mitnick\source\repos\projectairwar\projectairwar\define.h(119): warning C4091: 'typedef ': ignored on left of '`anonymous-namespace'::Point' when no variable is declared
c:\users\mitnick\source\repos\projectairwar\projectairwar\define.h(124): warning C4091: 'typedef ': ignored on left of '`anonymous-namespace'::Pointf' when no variable is declared
c:\users\mitnick\source\repos\projectairwar\projectairwar\define.h(129): warning C4091: 'typedef ': ignored on left of '`anonymous-namespace'::Rect' when no variable is declared
c:\users\mitnick\source\repos\projectairwar\projectairwar\define.h(134): warning C4091: 'typedef ': ignored on left of '`anonymous-namespace'::Rectf' when no variable is declared
c:\users\mitnick\source\repos\projectairwar\projectairwar\main.cpp(78): warning C4244: 'initializing': conversion from 'LONG' to 'float', possible loss of data
c:\users\mitnick\source\repos\projectairwar\projectairwar\main.cpp(79): warning C4244: 'initializing': conversion from 'LONG' to 'float', possible loss of data
c:\users\mitnick\source\repos\projectairwar\projectairwar\main.cpp(82): warning C4244: 'argument': conversion from 'float' to 'int', possible loss of data
c:\users\mitnick\source\repos\projectairwar\projectairwar\main.cpp(117): warning C4244: 'argument': conversion from 'float' to 'int', possible loss of data
c:\users\mitnick\source\repos\projectairwar\projectairwar\main.cpp(143): warning C4244: 'initializing': conversion from 'float' to 'unsigned int', possible loss of data
  model.cpp
c:\users\mitnick\source\repos\projectairwar\projectairwar\define.h(97): warning C4005: 'GL_CLEAR': macro redefinition
  c:\users\mitnick\source\repos\projectairwar\projectairwar\include\gl\glew.h(647): note: see previous definition of 'GL_CLEAR'
c:\users\mitnick\source\repos\projectairwar\projectairwar\define.h(119): warning C4091: 'typedef ': ignored on left of '`anonymous-namespace'::Point' when no variable is declared
c:\users\mitnick\source\repos\projectairwar\projectairwar\define.h(124): warning C4091: 'typedef ': ignored on left of '`anonymous-namespace'::Pointf' when no variable is declared
c:\users\mitnick\source\repos\projectairwar\projectairwar\define.h(129): warning C4091: 'typedef ': ignored on left of '`anonymous-namespace'::Rect' when no variable is declared
c:\users\mitnick\source\repos\projectairwar\projectairwar\define.h(134): warning C4091: 'typedef ': ignored on left of '`anonymous-namespace'::Rectf' when no variable is declared
c:\users\mitnick\source\repos\projectairwar\projectairwar\camera.h(72): warning C4091: 'typedef ': ignored on left of 'SkyboxTextures' when no variable is declared
c:\users\mitnick\source\repos\projectairwar\projectairwar\model.cpp(397): warning C4018: '<': signed/unsigned mismatch
c:\users\mitnick\source\repos\projectairwar\projectairwar\model.cpp(422): warning C4018: '<': signed/unsigned mismatch
c:\users\mitnick\source\repos\projectairwar\projectairwar\model.cpp(435): warning C4018: '<': signed/unsigned mismatch
c:\users\mitnick\source\repos\projectairwar\projectairwar\model.cpp(528): warning C4018: '<': signed/unsigned mismatch
c:\users\mitnick\source\repos\projectairwar\projectairwar\model.cpp(538): warning C4018: '<': signed/unsigned mismatch
  opengltest.cpp
c:\users\mitnick\source\repos\projectairwar\projectairwar\define.h(97): warning C4005: 'GL_CLEAR': macro redefinition
  c:\users\mitnick\source\repos\projectairwar\projectairwar\include\gl\glew.h(647): note: see previous definition of 'GL_CLEAR'
c:\users\mitnick\source\repos\projectairwar\projectairwar\define.h(119): warning C4091: 'typedef ': ignored on left of '`anonymous-namespace'::Point' when no variable is declared
c:\users\mitnick\source\repos\projectairwar\projectairwar\define.h(124): warning C4091: 'typedef ': ignored on left of '`anonymous-namespace'::Pointf' when no variable is declared
c:\users\mitnick\source\repos\projectairwar\projectairwar\define.h(129): warning C4091: 'typedef ': ignored on left of '`anonymous-namespace'::Rect' when no variable is declared
c:\users\mitnick\source\repos\projectairwar\projectairwar\define.h(134): warning C4091: 'typedef ': ignored on left of '`anonymous-namespace'::Rectf' when no variable is declared
c:\users\mitnick\source\repos\projectairwar\projectairwar\fullscreenquad.h(16): warning C4091: 'typedef ': ignored on left of 'ScreenLocation' when no variable is declared
c:\users\mitnick\source\repos\projectairwar\projectairwar\unit.h(41): warning C4091: 'typedef ': ignored on left of 'Unit::ShadowInfo' when no variable is declared
c:\users\mitnick\source\repos\projectairwar\projectairwar\camera.h(72): warning C4091: 'typedef ': ignored on left of 'SkyboxTextures' when no variable is declared
c:\users\mitnick\source\repos\projectairwar\projectairwar\textbitmap.h(30): warning C4091: 'typedef ': ignored on left of 'TextBitmap::Char' when no variable is declared
  pointsprite.cpp
c:\users\mitnick\source\repos\projectairwar\projectairwar\define.h(97): warning C4005: 'GL_CLEAR': macro redefinition
  c:\users\mitnick\source\repos\projectairwar\projectairwar\include\gl\glew.h(647): note: see previous definition of 'GL_CLEAR'
c:\users\mitnick\source\repos\projectairwar\projectairwar\define.h(119): warning C4091: 'typedef ': ignored on left of '`anonymous-namespace'::Point' when no variable is declared
c:\users\mitnick\source\repos\projectairwar\projectairwar\define.h(124): warning C4091: 'typedef ': ignored on left of '`anonymous-namespace'::Pointf' when no variable is declared
c:\users\mitnick\source\repos\projectairwar\projectairwar\define.h(129): warning C4091: 'typedef ': ignored on left of '`anonymous-namespace'::Rect' when no variable is declared
c:\users\mitnick\source\repos\projectairwar\projectairwar\define.h(134): warning C4091: 'typedef ': ignored on left of '`anonymous-namespace'::Rectf' when no variable is declared
c:\users\mitnick\source\repos\projectairwar\projectairwar\camera.h(72): warning C4091: 'typedef ': ignored on left of 'SkyboxTextures' when no variable is declared
c:\users\mitnick\source\repos\projectairwar\projectairwar\pointsprite.cpp(109): warning C4018: '<': signed/unsigned mismatch
c:\users\mitnick\source\repos\projectairwar\projectairwar\pointsprite.cpp(170): warning C4018: '<': signed/unsigned mismatch
  program.cpp
c:\users\mitnick\source\repos\projectairwar\projectairwar\define.h(97): warning C4005: 'GL_CLEAR': macro redefinition
  c:\users\mitnick\source\repos\projectairwar\projectairwar\include\gl\glew.h(647): note: see previous definition of 'GL_CLEAR'
c:\users\mitnick\source\repos\projectairwar\projectairwar\define.h(119): warning C4091: 'typedef ': ignored on left of '`anonymous-namespace'::Point' when no variable is declared
c:\users\mitnick\source\repos\projectairwar\projectairwar\define.h(124): warning C4091: 'typedef ': ignored on left of '`anonymous-namespace'::Pointf' when no variable is declared
c:\users\mitnick\source\repos\projectairwar\projectairwar\define.h(129): warning C4091: 'typedef ': ignored on left of '`anonymous-namespace'::Rect' when no variable is declared
c:\users\mitnick\source\repos\projectairwar\projectairwar\define.h(134): warning C4091: 'typedef ': ignored on left of '`anonymous-namespace'::Rectf' when no variable is declared
c:\users\mitnick\source\repos\projectairwar\projectairwar\camera.h(72): warning C4091: 'typedef ': ignored on left of 'SkyboxTextures' when no variable is declared
  scene.cpp
c:\users\mitnick\source\repos\projectairwar\projectairwar\define.h(97): warning C4005: 'GL_CLEAR': macro redefinition
  c:\users\mitnick\source\repos\projectairwar\projectairwar\include\gl\glew.h(647): note: see previous definition of 'GL_CLEAR'
c:\users\mitnick\source\repos\projectairwar\projectairwar\define.h(119): warning C4091: 'typedef ': ignored on left of '`anonymous-namespace'::Point' when no variable is declared
c:\users\mitnick\source\repos\projectairwar\projectairwar\define.h(124): warning C4091: 'typedef ': ignored on left of '`anonymous-namespace'::Pointf' when no variable is declared
c:\users\mitnick\source\repos\projectairwar\projectairwar\define.h(129): warning C4091: 'typedef ': ignored on left of '`anonymous-namespace'::Rect' when no variable is declared
c:\users\mitnick\source\repos\projectairwar\projectairwar\define.h(134): warning C4091: 'typedef ': ignored on left of '`anonymous-namespace'::Rectf' when no variable is declared
  shadow.cpp
c:\users\mitnick\source\repos\projectairwar\projectairwar\define.h(97): warning C4005: 'GL_CLEAR': macro redefinition
  c:\users\mitnick\source\repos\projectairwar\projectairwar\include\gl\glew.h(647): note: see previous definition of 'GL_CLEAR'
c:\users\mitnick\source\repos\projectairwar\projectairwar\define.h(119): warning C4091: 'typedef ': ignored on left of '`anonymous-namespace'::Point' when no variable is declared
c:\users\mitnick\source\repos\projectairwar\projectairwar\define.h(124): warning C4091: 'typedef ': ignored on left of '`anonymous-namespace'::Pointf' when no variable is declared
c:\users\mitnick\source\repos\projectairwar\projectairwar\define.h(129): warning C4091: 'typedef ': ignored on left of '`anonymous-namespace'::Rect' when no variable is declared
c:\users\mitnick\source\repos\projectairwar\projectairwar\define.h(134): warning C4091: 'typedef ': ignored on left of '`anonymous-namespace'::Rectf' when no variable is declared
c:\users\mitnick\source\repos\projectairwar\projectairwar\unit.h(41): warning C4091: 'typedef ': ignored on left of 'Unit::ShadowInfo' when no variable is declared
c:\users\mitnick\source\repos\projectairwar\projectairwar\camera.h(72): warning C4091: 'typedef ': ignored on left of 'SkyboxTextures' when no variable is declared
c:\users\mitnick\source\repos\projectairwar\projectairwar\shadow.cpp(20): warning C4244: 'argument': conversion from 'float' to 'int', possible loss of data
c:\users\mitnick\source\repos\projectairwar\projectairwar\shadow.cpp(21): warning C4244: 'argument': conversion from 'float' to 'int', possible loss of data
c:\users\mitnick\source\repos\projectairwar\projectairwar\shadow.cpp(54): warning C4018: '<': signed/unsigned mismatch
c:\users\mitnick\source\repos\projectairwar\projectairwar\shadow.cpp(59): warning C4018: '<': signed/unsigned mismatch
c:\users\mitnick\source\repos\projectairwar\projectairwar\shadow.cpp(64): warning C4018: '<': signed/unsigned mismatch
  sprite.cpp
c:\users\mitnick\source\repos\projectairwar\projectairwar\define.h(97): warning C4005: 'GL_CLEAR': macro redefinition
  c:\users\mitnick\source\repos\projectairwar\projectairwar\include\gl\glew.h(647): note: see previous definition of 'GL_CLEAR'
c:\users\mitnick\source\repos\projectairwar\projectairwar\define.h(119): warning C4091: 'typedef ': ignored on left of '`anonymous-namespace'::Point' when no variable is declared
c:\users\mitnick\source\repos\projectairwar\projectairwar\define.h(124): warning C4091: 'typedef ': ignored on left of '`anonymous-namespace'::Pointf' when no variable is declared
c:\users\mitnick\source\repos\projectairwar\projectairwar\define.h(129): warning C4091: 'typedef ': ignored on left of '`anonymous-namespace'::Rect' when no variable is declared
c:\users\mitnick\source\repos\projectairwar\projectairwar\define.h(134): warning C4091: 'typedef ': ignored on left of '`anonymous-namespace'::Rectf' when no variable is declared
c:\users\mitnick\source\repos\projectairwar\projectairwar\list.hpp(40): warning C4477: 'printf' : format string '%X' requires an argument of type 'unsigned int', but variadic argument 1 has type 'List *'
c:\users\mitnick\source\repos\projectairwar\projectairwar\camera.h(72): warning C4091: 'typedef ': ignored on left of 'SkyboxTextures' when no variable is declared
c:\users\mitnick\source\repos\projectairwar\projectairwar\textbitmap.h(30): warning C4091: 'typedef ': ignored on left of 'TextBitmap::Char' when no variable is declared
c:\users\mitnick\source\repos\projectairwar\projectairwar\sprite.cpp(133): warning C4018: '<': signed/unsigned mismatch
c:\users\mitnick\source\repos\projectairwar\projectairwar\sprite.cpp(166): warning C4018: '<': signed/unsigned mismatch
  terrain.cpp
c:\users\mitnick\source\repos\projectairwar\projectairwar\define.h(97): warning C4005: 'GL_CLEAR': macro redefinition
  c:\users\mitnick\source\repos\projectairwar\projectairwar\include\gl\glew.h(647): note: see previous definition of 'GL_CLEAR'
c:\users\mitnick\source\repos\projectairwar\projectairwar\define.h(119): warning C4091: 'typedef ': ignored on left of '`anonymous-namespace'::Point' when no variable is declared
c:\users\mitnick\source\repos\projectairwar\projectairwar\define.h(124): warning C4091: 'typedef ': ignored on left of '`anonymous-namespace'::Pointf' when no variable is declared
c:\users\mitnick\source\repos\projectairwar\projectairwar\define.h(129): warning C4091: 'typedef ': ignored on left of '`anonymous-namespace'::Rect' when no variable is declared
c:\users\mitnick\source\repos\projectairwar\projectairwar\define.h(134): warning C4091: 'typedef ': ignored on left of '`anonymous-namespace'::Rectf' when no variable is declared
c:\users\mitnick\source\repos\projectairwar\projectairwar\camera.h(72): warning C4091: 'typedef ': ignored on left of 'SkyboxTextures' when no variable is declared
c:\users\mitnick\source\repos\projectairwar\projectairwar\terrain.cpp(42): warning C4244: 'argument': conversion from 'int' to 'float', possible loss of data
c:\users\mitnick\source\repos\projectairwar\projectairwar\terrain.cpp(53): warning C4244: 'argument': conversion from 'int' to 'float', possible loss of data
  textbitmap.cpp
c:\users\mitnick\source\repos\projectairwar\projectairwar\define.h(97): warning C4005: 'GL_CLEAR': macro redefinition
  c:\users\mitnick\source\repos\projectairwar\projectairwar\include\gl\glew.h(647): note: see previous definition of 'GL_CLEAR'
c:\users\mitnick\source\repos\projectairwar\projectairwar\define.h(119): warning C4091: 'typedef ': ignored on left of '`anonymous-namespace'::Point' when no variable is declared
c:\users\mitnick\source\repos\projectairwar\projectairwar\define.h(124): warning C4091: 'typedef ': ignored on left of '`anonymous-namespace'::Pointf' when no variable is declared
c:\users\mitnick\source\repos\projectairwar\projectairwar\define.h(129): warning C4091: 'typedef ': ignored on left of '`anonymous-namespace'::Rect' when no variable is declared
c:\users\mitnick\source\repos\projectairwar\projectairwar\define.h(134): warning C4091: 'typedef ': ignored on left of '`anonymous-namespace'::Rectf' when no variable is declared
c:\users\mitnick\source\repos\projectairwar\projectairwar\camera.h(72): warning C4091: 'typedef ': ignored on left of 'SkyboxTextures' when no variable is declared
c:\users\mitnick\source\repos\projectairwar\projectairwar\textbitmap.h(30): warning C4091: 'typedef ': ignored on left of 'TextBitmap::Char' when no variable is declared
c:\users\mitnick\source\repos\projectairwar\projectairwar\textbitmap.cpp(78): warning C4244: 'argument': conversion from 'int' to 'float', possible loss of data
  unit.cpp
c:\users\mitnick\source\repos\projectairwar\projectairwar\define.h(97): warning C4005: 'GL_CLEAR': macro redefinition
  c:\users\mitnick\source\repos\projectairwar\projectairwar\include\gl\glew.h(647): note: see previous definition of 'GL_CLEAR'
c:\users\mitnick\source\repos\projectairwar\projectairwar\define.h(119): warning C4091: 'typedef ': ignored on left of '`anonymous-namespace'::Point' when no variable is declared
c:\users\mitnick\source\repos\projectairwar\projectairwar\define.h(124): warning C4091: 'typedef ': ignored on left of '`anonymous-namespace'::Pointf' when no variable is declared
c:\users\mitnick\source\repos\projectairwar\projectairwar\define.h(129): warning C4091: 'typedef ': ignored on left of '`anonymous-namespace'::Rect' when no variable is declared
c:\users\mitnick\source\repos\projectairwar\projectairwar\define.h(134): warning C4091: 'typedef ': ignored on left of '`anonymous-namespace'::Rectf' when no variable is declared
c:\users\mitnick\source\repos\projectairwar\projectairwar\unit.h(41): warning C4091: 'typedef ': ignored on left of 'Unit::ShadowInfo' when no variable is declared
c:\users\mitnick\source\repos\projectairwar\projectairwar\camera.h(72): warning C4091: 'typedef ': ignored on left of 'SkyboxTextures' when no variable is declared
  utaircraft.cpp
c:\users\mitnick\source\repos\projectairwar\projectairwar\define.h(97): warning C4005: 'GL_CLEAR': macro redefinition
  c:\users\mitnick\source\repos\projectairwar\projectairwar\include\gl\glew.h(647): note: see previous definition of 'GL_CLEAR'
c:\users\mitnick\source\repos\projectairwar\projectairwar\define.h(119): warning C4091: 'typedef ': ignored on left of '`anonymous-namespace'::Point' when no variable is declared
c:\users\mitnick\source\repos\projectairwar\projectairwar\define.h(124): warning C4091: 'typedef ': ignored on left of '`anonymous-namespace'::Pointf' when no variable is declared
c:\users\mitnick\source\repos\projectairwar\projectairwar\define.h(129): warning C4091: 'typedef ': ignored on left of '`anonymous-namespace'::Rect' when no variable is declared
c:\users\mitnick\source\repos\projectairwar\projectairwar\define.h(134): warning C4091: 'typedef ': ignored on left of '`anonymous-namespace'::Rectf' when no variable is declared
c:\users\mitnick\source\repos\projectairwar\projectairwar\unit.h(41): warning C4091: 'typedef ': ignored on left of 'Unit::ShadowInfo' when no variable is declared
c:\users\mitnick\source\repos\projectairwar\projectairwar\camera.h(72): warning C4091: 'typedef ': ignored on left of 'SkyboxTextures' when no variable is declared
  utils.cpp
c:\users\mitnick\source\repos\projectairwar\projectairwar\define.h(97): warning C4005: 'GL_CLEAR': macro redefinition
  c:\users\mitnick\source\repos\projectairwar\projectairwar\include\gl\glew.h(647): note: see previous definition of 'GL_CLEAR'
c:\users\mitnick\source\repos\projectairwar\projectairwar\define.h(119): warning C4091: 'typedef ': ignored on left of '`anonymous-namespace'::Point' when no variable is declared
c:\users\mitnick\source\repos\projectairwar\projectairwar\define.h(124): warning C4091: 'typedef ': ignored on left of '`anonymous-namespace'::Pointf' when no variable is declared
c:\users\mitnick\source\repos\projectairwar\projectairwar\define.h(129): warning C4091: 'typedef ': ignored on left of '`anonymous-namespace'::Rect' when no variable is declared
c:\users\mitnick\source\repos\projectairwar\projectairwar\define.h(134): warning C4091: 'typedef ': ignored on left of '`anonymous-namespace'::Rectf' when no variable is declared
  Generating Code...
  Compiling...
  utterrain.cpp
c:\users\mitnick\source\repos\projectairwar\projectairwar\define.h(97): warning C4005: 'GL_CLEAR': macro redefinition
  c:\users\mitnick\source\repos\projectairwar\projectairwar\include\gl\glew.h(647): note: see previous definition of 'GL_CLEAR'
c:\users\mitnick\source\repos\projectairwar\projectairwar\define.h(119): warning C4091: 'typedef ': ignored on left of '`anonymous-namespace'::Point' when no variable is declared
c:\users\mitnick\source\repos\projectairwar\projectairwar\define.h(124): warning C4091: 'typedef ': ignored on left of '`anonymous-namespace'::Pointf' when no variable is declared
c:\users\mitnick\source\repos\projectairwar\projectairwar\define.h(129): warning C4091: 'typedef ': ignored on left of '`anonymous-namespace'::Rect' when no variable is declared
c:\users\mitnick\source\repos\projectairwar\projectairwar\define.h(134): warning C4091: 'typedef ': ignored on left of '`anonymous-namespace'::Rectf' when no variable is declared
c:\users\mitnick\source\repos\projectairwar\projectairwar\camera.h(72): warning C4091: 'typedef ': ignored on left of 'SkyboxTextures' when no variable is declared
c:\users\mitnick\source\repos\projectairwar\projectairwar\utterrain.cpp(46): warning C4018: '<': signed/unsigned mismatch
  Generating Code...
  autofit.c
c:\users\mitnick\source\repos\projectairwar\projectairwar\freetype\src\autofit\afscript.h : warning C4819: The file contains a character that cannot be represented in the current code page (936). Save the file in Unicode format to prevent data loss
c:\users\mitnick\source\repos\projectairwar\projectairwar\freetype\src\autofit\afblue.c : warning C4819: The file contains a character that cannot be represented in the current code page (936). Save the file in Unicode format to prevent data loss
c:\users\mitnick\source\repos\projectairwar\projectairwar\freetype\src\autofit\afblue.c(252): warning C4819: The file contains a character that cannot be represented in the current code page (936). Save the file in Unicode format to prevent data loss
c:\users\mitnick\source\repos\projectairwar\projectairwar\freetype\src\autofit\afscript.h : warning C4819: The file contains a character that cannot be represented in the current code page (936). Save the file in Unicode format to prevent data loss
c:\users\mitnick\source\repos\projectairwar\projectairwar\freetype\src\autofit\afscript.h : warning C4819: The file contains a character that cannot be represented in the current code page (936). Save the file in Unicode format to prevent data loss
c:\users\mitnick\source\repos\projectairwar\projectairwar\freetype\src\autofit\afscript.h : warning C4819: The file contains a character that cannot be represented in the current code page (936). Save the file in Unicode format to prevent data loss
c:\users\mitnick\source\repos\projectairwar\projectairwar\freetype\src\autofit\afscript.h : warning C4819: The file contains a character that cannot be represented in the current code page (936). Save the file in Unicode format to prevent data loss
c:\users\mitnick\source\repos\projectairwar\projectairwar\freetype\src\autofit\afscript.h : warning C4819: The file contains a character that cannot be represented in the current code page (936). Save the file in Unicode format to prevent data loss
  ftbase.c
  ftbbox.c
  ftbdf.c
  ftbitmap.c
  ftcid.c
  ftdebug.c
  ftfntfmt.c
  ftfstype.c
  ftgasp.c
  ftglyph.c
  ftgxval.c
  ftinit.c
  ftlcdfil.c
  ftmm.c
  ftotval.c
  ftpatent.c
  ftpfr.c
  ftstroke.c
  ftsynth.c
  Generating Code...
  Compiling...
  ftsystem.c
  fttype1.c
  ftwinfnt.c
  bdf.c
  ftcache.c
  cff.c
  type1cid.c
  ftgzip.c
  ftlzw.c
  pcf.c
  pfr.c
  psaux.c
  pshinter.c
  psmodule.c
  raster.c
  sfnt.c
c:\users\mitnick\source\repos\projectairwar\projectairwar\freetype\src\sfnt\ttload.c : warning C4819: The file contains a character that cannot be represented in the current code page (936). Save the file in Unicode format to prevent data loss
  smooth.c
  truetype.c
c:\users\mitnick\source\repos\projectairwar\projectairwar\freetype\src\truetype\ttobjs.c(800): warning C4819: The file contains a character that cannot be represented in the current code page (936). Save the file in Unicode format to prevent data loss
  type1.c
  type42.c
  Generating Code...
  Compiling...
  winfnt.c
  Generating Code...
Debug\demo.obj : warning LNK4042: object specified more than once; extras ignored
     Creating library C:\Users\mitnick\source\repos\ProjectAirWar\Debug\ProjectAirWar.lib and object C:\Users\mitnick\source\repos\ProjectAirWar\Debug\ProjectAirWar.exp
LINK : warning LNK4098: defaultlib 'LIBCMT' conflicts with use of other libs; use /NODEFAULTLIB:library
glew32s.lib(glew.obj) : warning LNK4099: PDB 'vc120.pdb' was not found with 'glew32s.lib(glew.obj)' or at 'C:\Users\mitnick\source\repos\ProjectAirWar\Debug\vc120.pdb'; linking object as if no debug info
  ProjectAirWar.vcxproj -> C:\Users\mitnick\source\repos\ProjectAirWar\Debug\ProjectAirWar.exe
  Microsoft (R) COFF/PE Editor Version 14.14.26433.0
  Copyright (C) Microsoft Corporation.  All rights reserved.
  
