c:\users\mitnick\source\repos\projectairwar\projectairwar\debug\vc141.pdb
c:\users\mitnick\source\repos\projectairwar\projectairwar\debug\vc141.idb
c:\users\mitnick\source\repos\projectairwar\projectairwar\debug\utils.obj
c:\users\mitnick\source\repos\projectairwar\projectairwar\debug\utaircraft.obj
c:\users\mitnick\source\repos\projectairwar\projectairwar\debug\unit.obj
c:\users\mitnick\source\repos\projectairwar\projectairwar\debug\textbitmap.obj
c:\users\mitnick\source\repos\projectairwar\projectairwar\debug\terrain.obj
c:\users\mitnick\source\repos\projectairwar\projectairwar\debug\sprite.obj
c:\users\mitnick\source\repos\projectairwar\projectairwar\debug\shadow.obj
c:\users\mitnick\source\repos\projectairwar\projectairwar\debug\scene.obj
c:\users\mitnick\source\repos\projectairwar\projectairwar\debug\program.obj
c:\users\mitnick\source\repos\projectairwar\projectairwar\debug\pointsprite.obj
c:\users\mitnick\source\repos\projectairwar\projectairwar\debug\opengltest.obj
c:\users\mitnick\source\repos\projectairwar\projectairwar\debug\model.obj
c:\users\mitnick\source\repos\projectairwar\projectairwar\debug\main.obj
c:\users\mitnick\source\repos\projectairwar\projectairwar\debug\fullscreenquad.obj
c:\users\mitnick\source\repos\projectairwar\projectairwar\debug\framebuffer.obj
c:\users\mitnick\source\repos\projectairwar\projectairwar\debug\demo.obj
c:\users\mitnick\source\repos\projectairwar\projectairwar\debug\camera.obj
c:\users\mitnick\source\repos\projectairwar\projectairwar\debug\buttons.obj
c:\users\mitnick\source\repos\projectairwar\projectairwar\debug\animation.obj
c:\users\mitnick\source\repos\projectairwar\projectairwar\debug\utterrain.obj
c:\users\mitnick\source\repos\projectairwar\projectairwar\debug\ftsynth.obj
c:\users\mitnick\source\repos\projectairwar\projectairwar\debug\ftstroke.obj
c:\users\mitnick\source\repos\projectairwar\projectairwar\debug\ftpfr.obj
c:\users\mitnick\source\repos\projectairwar\projectairwar\debug\ftpatent.obj
c:\users\mitnick\source\repos\projectairwar\projectairwar\debug\ftotval.obj
c:\users\mitnick\source\repos\projectairwar\projectairwar\debug\ftmm.obj
c:\users\mitnick\source\repos\projectairwar\projectairwar\debug\ftlcdfil.obj
c:\users\mitnick\source\repos\projectairwar\projectairwar\debug\ftinit.obj
c:\users\mitnick\source\repos\projectairwar\projectairwar\debug\ftgxval.obj
c:\users\mitnick\source\repos\projectairwar\projectairwar\debug\ftglyph.obj
c:\users\mitnick\source\repos\projectairwar\projectairwar\debug\ftgasp.obj
c:\users\mitnick\source\repos\projectairwar\projectairwar\debug\ftfstype.obj
c:\users\mitnick\source\repos\projectairwar\projectairwar\debug\ftfntfmt.obj
c:\users\mitnick\source\repos\projectairwar\projectairwar\debug\ftdebug.obj
c:\users\mitnick\source\repos\projectairwar\projectairwar\debug\ftcid.obj
c:\users\mitnick\source\repos\projectairwar\projectairwar\debug\ftbitmap.obj
c:\users\mitnick\source\repos\projectairwar\projectairwar\debug\ftbdf.obj
c:\users\mitnick\source\repos\projectairwar\projectairwar\debug\ftbbox.obj
c:\users\mitnick\source\repos\projectairwar\projectairwar\debug\ftbase.obj
c:\users\mitnick\source\repos\projectairwar\projectairwar\debug\autofit.obj
c:\users\mitnick\source\repos\projectairwar\projectairwar\debug\type42.obj
c:\users\mitnick\source\repos\projectairwar\projectairwar\debug\type1.obj
c:\users\mitnick\source\repos\projectairwar\projectairwar\debug\truetype.obj
c:\users\mitnick\source\repos\projectairwar\projectairwar\debug\smooth.obj
c:\users\mitnick\source\repos\projectairwar\projectairwar\debug\sfnt.obj
c:\users\mitnick\source\repos\projectairwar\projectairwar\debug\raster.obj
c:\users\mitnick\source\repos\projectairwar\projectairwar\debug\psmodule.obj
c:\users\mitnick\source\repos\projectairwar\projectairwar\debug\pshinter.obj
c:\users\mitnick\source\repos\projectairwar\projectairwar\debug\psaux.obj
c:\users\mitnick\source\repos\projectairwar\projectairwar\debug\pfr.obj
c:\users\mitnick\source\repos\projectairwar\projectairwar\debug\pcf.obj
c:\users\mitnick\source\repos\projectairwar\projectairwar\debug\ftlzw.obj
c:\users\mitnick\source\repos\projectairwar\projectairwar\debug\ftgzip.obj
c:\users\mitnick\source\repos\projectairwar\projectairwar\debug\type1cid.obj
c:\users\mitnick\source\repos\projectairwar\projectairwar\debug\cff.obj
c:\users\mitnick\source\repos\projectairwar\projectairwar\debug\ftcache.obj
c:\users\mitnick\source\repos\projectairwar\projectairwar\debug\bdf.obj
c:\users\mitnick\source\repos\projectairwar\projectairwar\debug\ftwinfnt.obj
c:\users\mitnick\source\repos\projectairwar\projectairwar\debug\fttype1.obj
c:\users\mitnick\source\repos\projectairwar\projectairwar\debug\ftsystem.obj
c:\users\mitnick\source\repos\projectairwar\projectairwar\debug\winfnt.obj
c:\users\mitnick\source\repos\projectairwar\debug\projectairwar.ilk
c:\users\mitnick\source\repos\projectairwar\debug\projectairwar.exe
c:\users\mitnick\source\repos\projectairwar\debug\projectairwar.pdb
c:\users\mitnick\source\repos\projectairwar\debug\projectairwar.lib
c:\users\mitnick\source\repos\projectairwar\debug\projectairwar.exp
c:\users\mitnick\source\repos\projectairwar\projectairwar\debug\projectairwar.tlog\cl.command.1.tlog
c:\users\mitnick\source\repos\projectairwar\projectairwar\debug\projectairwar.tlog\cl.read.1.tlog
c:\users\mitnick\source\repos\projectairwar\projectairwar\debug\projectairwar.tlog\cl.write.1.tlog
c:\users\mitnick\source\repos\projectairwar\projectairwar\debug\projectairwar.tlog\link.command.1.tlog
c:\users\mitnick\source\repos\projectairwar\projectairwar\debug\projectairwar.tlog\link.read.1.tlog
c:\users\mitnick\source\repos\projectairwar\projectairwar\debug\projectairwar.tlog\link.write.1.tlog
c:\users\mitnick\source\repos\projectairwar\projectairwar\debug\projectairwar.tlog\projectairwar.write.1u.tlog
