  animation.cpp
  buttons.cpp
  camera.cpp
  demo.cpp
  framebuffer.cpp
c:\users\mitnick\documents\visual_studio_2015\projects\projecttitan\projecttitan\src\cmath.hpp(173): warning C4996: 'sprintf': This function or variable may be unsafe. Consider using sprintf_s instead. To disable deprecation, use _CRT_SECURE_NO_WARNINGS. See online help for details. (compiling source file src\camera.cpp)
  C:\Program Files (x86)\Windows Kits\10\Include\10.0.10240.0\ucrt\stdio.h(1769): note: see declaration of 'sprintf' (compiling source file src\camera.cpp)
c:\users\mitnick\documents\visual_studio_2015\projects\projecttitan\projecttitan\src\cmath.hpp(173): warning C4996: 'sprintf': This function or variable may be unsafe. Consider using sprintf_s instead. To disable deprecation, use _CRT_SECURE_NO_WARNINGS. See online help for details. (compiling source file src\animation.cpp)
  C:\Program Files (x86)\Windows Kits\10\Include\10.0.10240.0\ucrt\stdio.h(1769): note: see declaration of 'sprintf' (compiling source file src\animation.cpp)
c:\users\mitnick\documents\visual_studio_2015\projects\projecttitan\projecttitan\src\cmath.hpp(317): warning C4996: 'sprintf': This function or variable may be unsafe. Consider using sprintf_s instead. To disable deprecation, use _CRT_SECURE_NO_WARNINGS. See online help for details. (compiling source file src\camera.cpp)
  C:\Program Files (x86)\Windows Kits\10\Include\10.0.10240.0\ucrt\stdio.h(1769): note: see declaration of 'sprintf' (compiling source file src\camera.cpp)
c:\users\mitnick\documents\visual_studio_2015\projects\projecttitan\projecttitan\src\cmath.hpp(317): warning C4996: 'sprintf': This function or variable may be unsafe. Consider using sprintf_s instead. To disable deprecation, use _CRT_SECURE_NO_WARNINGS. See online help for details. (compiling source file src\animation.cpp)
  C:\Program Files (x86)\Windows Kits\10\Include\10.0.10240.0\ucrt\stdio.h(1769): note: see declaration of 'sprintf' (compiling source file src\animation.cpp)
c:\users\mitnick\documents\visual_studio_2015\projects\projecttitan\projecttitan\src\cmath.hpp(511): warning C4996: 'sprintf': This function or variable may be unsafe. Consider using sprintf_s instead. To disable deprecation, use _CRT_SECURE_NO_WARNINGS. See online help for details. (compiling source file src\camera.cpp)
  C:\Program Files (x86)\Windows Kits\10\Include\10.0.10240.0\ucrt\stdio.h(1769): note: see declaration of 'sprintf' (compiling source file src\camera.cpp)
c:\users\mitnick\documents\visual_studio_2015\projects\projecttitan\projecttitan\src\cmath.hpp(511): warning C4996: 'sprintf': This function or variable may be unsafe. Consider using sprintf_s instead. To disable deprecation, use _CRT_SECURE_NO_WARNINGS. See online help for details. (compiling source file src\animation.cpp)
  C:\Program Files (x86)\Windows Kits\10\Include\10.0.10240.0\ucrt\stdio.h(1769): note: see declaration of 'sprintf' (compiling source file src\animation.cpp)
c:\users\mitnick\documents\visual_studio_2015\projects\projecttitan\projecttitan\src\cmath.hpp(762): warning C4996: 'sprintf': This function or variable may be unsafe. Consider using sprintf_s instead. To disable deprecation, use _CRT_SECURE_NO_WARNINGS. See online help for details. (compiling source file src\camera.cpp)
  C:\Program Files (x86)\Windows Kits\10\Include\10.0.10240.0\ucrt\stdio.h(1769): note: see declaration of 'sprintf' (compiling source file src\camera.cpp)
c:\users\mitnick\documents\visual_studio_2015\projects\projecttitan\projecttitan\src\cmath.hpp(762): warning C4996: 'sprintf': This function or variable may be unsafe. Consider using sprintf_s instead. To disable deprecation, use _CRT_SECURE_NO_WARNINGS. See online help for details. (compiling source file src\animation.cpp)
  C:\Program Files (x86)\Windows Kits\10\Include\10.0.10240.0\ucrt\stdio.h(1769): note: see declaration of 'sprintf' (compiling source file src\animation.cpp)
c:\users\mitnick\documents\visual_studio_2015\projects\projecttitan\projecttitan\src\cmath.hpp(173): warning C4996: 'sprintf': This function or variable may be unsafe. Consider using sprintf_s instead. To disable deprecation, use _CRT_SECURE_NO_WARNINGS. See online help for details. (compiling source file src\demo.cpp)
  C:\Program Files (x86)\Windows Kits\10\Include\10.0.10240.0\ucrt\stdio.h(1769): note: see declaration of 'sprintf' (compiling source file src\demo.cpp)
c:\users\mitnick\documents\visual_studio_2015\projects\projecttitan\projecttitan\src\cmath.hpp(317): warning C4996: 'sprintf': This function or variable may be unsafe. Consider using sprintf_s instead. To disable deprecation, use _CRT_SECURE_NO_WARNINGS. See online help for details. (compiling source file src\demo.cpp)
  C:\Program Files (x86)\Windows Kits\10\Include\10.0.10240.0\ucrt\stdio.h(1769): note: see declaration of 'sprintf' (compiling source file src\demo.cpp)
c:\users\mitnick\documents\visual_studio_2015\projects\projecttitan\projecttitan\src\cmath.hpp(511): warning C4996: 'sprintf': This function or variable may be unsafe. Consider using sprintf_s instead. To disable deprecation, use _CRT_SECURE_NO_WARNINGS. See online help for details. (compiling source file src\demo.cpp)
  C:\Program Files (x86)\Windows Kits\10\Include\10.0.10240.0\ucrt\stdio.h(1769): note: see declaration of 'sprintf' (compiling source file src\demo.cpp)
c:\users\mitnick\documents\visual_studio_2015\projects\projecttitan\projecttitan\src\cmath.hpp(762): warning C4996: 'sprintf': This function or variable may be unsafe. Consider using sprintf_s instead. To disable deprecation, use _CRT_SECURE_NO_WARNINGS. See online help for details. (compiling source file src\demo.cpp)
  C:\Program Files (x86)\Windows Kits\10\Include\10.0.10240.0\ucrt\stdio.h(1769): note: see declaration of 'sprintf' (compiling source file src\demo.cpp)
c:\users\mitnick\documents\visual_studio_2015\projects\projecttitan\projecttitan\src\cmath.hpp(173): warning C4996: 'sprintf': This function or variable may be unsafe. Consider using sprintf_s instead. To disable deprecation, use _CRT_SECURE_NO_WARNINGS. See online help for details. (compiling source file src\framebuffer.cpp)
  C:\Program Files (x86)\Windows Kits\10\Include\10.0.10240.0\ucrt\stdio.h(1769): note: see declaration of 'sprintf' (compiling source file src\framebuffer.cpp)
c:\users\mitnick\documents\visual_studio_2015\projects\projecttitan\projecttitan\src\cmath.hpp(317): warning C4996: 'sprintf': This function or variable may be unsafe. Consider using sprintf_s instead. To disable deprecation, use _CRT_SECURE_NO_WARNINGS. See online help for details. (compiling source file src\framebuffer.cpp)
  C:\Program Files (x86)\Windows Kits\10\Include\10.0.10240.0\ucrt\stdio.h(1769): note: see declaration of 'sprintf' (compiling source file src\framebuffer.cpp)
c:\users\mitnick\documents\visual_studio_2015\projects\projecttitan\projecttitan\src\cmath.hpp(511): warning C4996: 'sprintf': This function or variable may be unsafe. Consider using sprintf_s instead. To disable deprecation, use _CRT_SECURE_NO_WARNINGS. See online help for details. (compiling source file src\framebuffer.cpp)
  C:\Program Files (x86)\Windows Kits\10\Include\10.0.10240.0\ucrt\stdio.h(1769): note: see declaration of 'sprintf' (compiling source file src\framebuffer.cpp)
c:\users\mitnick\documents\visual_studio_2015\projects\projecttitan\projecttitan\src\cmath.hpp(762): warning C4996: 'sprintf': This function or variable may be unsafe. Consider using sprintf_s instead. To disable deprecation, use _CRT_SECURE_NO_WARNINGS. See online help for details. (compiling source file src\framebuffer.cpp)
  C:\Program Files (x86)\Windows Kits\10\Include\10.0.10240.0\ucrt\stdio.h(1769): note: see declaration of 'sprintf' (compiling source file src\framebuffer.cpp)
  fullscreenquad.cpp
  main.cpp
  model.cpp
  opengltest.cpp
c:\users\mitnick\documents\visual_studio_2015\projects\projecttitan\projecttitan\src\cmath.hpp(173): warning C4996: 'sprintf': This function or variable may be unsafe. Consider using sprintf_s instead. To disable deprecation, use _CRT_SECURE_NO_WARNINGS. See online help for details. (compiling source file src\fullscreenquad.cpp)
  C:\Program Files (x86)\Windows Kits\10\Include\10.0.10240.0\ucrt\stdio.h(1769): note: see declaration of 'sprintf' (compiling source file src\fullscreenquad.cpp)
c:\users\mitnick\documents\visual_studio_2015\projects\projecttitan\projecttitan\src\cmath.hpp(317): warning C4996: 'sprintf': This function or variable may be unsafe. Consider using sprintf_s instead. To disable deprecation, use _CRT_SECURE_NO_WARNINGS. See online help for details. (compiling source file src\fullscreenquad.cpp)
  C:\Program Files (x86)\Windows Kits\10\Include\10.0.10240.0\ucrt\stdio.h(1769): note: see declaration of 'sprintf' (compiling source file src\fullscreenquad.cpp)
c:\users\mitnick\documents\visual_studio_2015\projects\projecttitan\projecttitan\src\cmath.hpp(511): warning C4996: 'sprintf': This function or variable may be unsafe. Consider using sprintf_s instead. To disable deprecation, use _CRT_SECURE_NO_WARNINGS. See online help for details. (compiling source file src\fullscreenquad.cpp)
  C:\Program Files (x86)\Windows Kits\10\Include\10.0.10240.0\ucrt\stdio.h(1769): note: see declaration of 'sprintf' (compiling source file src\fullscreenquad.cpp)
c:\users\mitnick\documents\visual_studio_2015\projects\projecttitan\projecttitan\src\cmath.hpp(762): warning C4996: 'sprintf': This function or variable may be unsafe. Consider using sprintf_s instead. To disable deprecation, use _CRT_SECURE_NO_WARNINGS. See online help for details. (compiling source file src\fullscreenquad.cpp)
  C:\Program Files (x86)\Windows Kits\10\Include\10.0.10240.0\ucrt\stdio.h(1769): note: see declaration of 'sprintf' (compiling source file src\fullscreenquad.cpp)
c:\users\mitnick\documents\visual_studio_2015\projects\projecttitan\projecttitan\src\cmath.hpp(173): warning C4996: 'sprintf': This function or variable may be unsafe. Consider using sprintf_s instead. To disable deprecation, use _CRT_SECURE_NO_WARNINGS. See online help for details. (compiling source file src\main.cpp)
  C:\Program Files (x86)\Windows Kits\10\Include\10.0.10240.0\ucrt\stdio.h(1769): note: see declaration of 'sprintf' (compiling source file src\main.cpp)
c:\users\mitnick\documents\visual_studio_2015\projects\projecttitan\projecttitan\src\cmath.hpp(317): warning C4996: 'sprintf': This function or variable may be unsafe. Consider using sprintf_s instead. To disable deprecation, use _CRT_SECURE_NO_WARNINGS. See online help for details. (compiling source file src\main.cpp)
  C:\Program Files (x86)\Windows Kits\10\Include\10.0.10240.0\ucrt\stdio.h(1769): note: see declaration of 'sprintf' (compiling source file src\main.cpp)
c:\users\mitnick\documents\visual_studio_2015\projects\projecttitan\projecttitan\src\cmath.hpp(511): warning C4996: 'sprintf': This function or variable may be unsafe. Consider using sprintf_s instead. To disable deprecation, use _CRT_SECURE_NO_WARNINGS. See online help for details. (compiling source file src\main.cpp)
  C:\Program Files (x86)\Windows Kits\10\Include\10.0.10240.0\ucrt\stdio.h(1769): note: see declaration of 'sprintf' (compiling source file src\main.cpp)
c:\users\mitnick\documents\visual_studio_2015\projects\projecttitan\projecttitan\src\cmath.hpp(762): warning C4996: 'sprintf': This function or variable may be unsafe. Consider using sprintf_s instead. To disable deprecation, use _CRT_SECURE_NO_WARNINGS. See online help for details. (compiling source file src\main.cpp)
  C:\Program Files (x86)\Windows Kits\10\Include\10.0.10240.0\ucrt\stdio.h(1769): note: see declaration of 'sprintf' (compiling source file src\main.cpp)
src\main.cpp(165): warning C4244: 'initializing': conversion from 'LPARAM' to 'float', possible loss of data
src\main.cpp(166): warning C4244: 'initializing': conversion from 'LPARAM' to 'float', possible loss of data
src\main.cpp(167): warning C4244: '=': conversion from 'float' to 'LONG', possible loss of data
src\main.cpp(168): warning C4244: '=': conversion from 'float' to 'LONG', possible loss of data
src\main.cpp(192): warning C4244: 'initializing': conversion from 'LPARAM' to 'float', possible loss of data
src\main.cpp(193): warning C4244: 'initializing': conversion from 'LPARAM' to 'float', possible loss of data
c:\users\mitnick\documents\visual_studio_2015\projects\projecttitan\projecttitan\src\cmath.hpp(173): warning C4996: 'sprintf': This function or variable may be unsafe. Consider using sprintf_s instead. To disable deprecation, use _CRT_SECURE_NO_WARNINGS. See online help for details. (compiling source file src\model.cpp)
  C:\Program Files (x86)\Windows Kits\10\Include\10.0.10240.0\ucrt\stdio.h(1769): note: see declaration of 'sprintf' (compiling source file src\model.cpp)
c:\users\mitnick\documents\visual_studio_2015\projects\projecttitan\projecttitan\src\cmath.hpp(317): warning C4996: 'sprintf': This function or variable may be unsafe. Consider using sprintf_s instead. To disable deprecation, use _CRT_SECURE_NO_WARNINGS. See online help for details. (compiling source file src\model.cpp)
  C:\Program Files (x86)\Windows Kits\10\Include\10.0.10240.0\ucrt\stdio.h(1769): note: see declaration of 'sprintf' (compiling source file src\model.cpp)
c:\users\mitnick\documents\visual_studio_2015\projects\projecttitan\projecttitan\src\cmath.hpp(511): warning C4996: 'sprintf': This function or variable may be unsafe. Consider using sprintf_s instead. To disable deprecation, use _CRT_SECURE_NO_WARNINGS. See online help for details. (compiling source file src\model.cpp)
  C:\Program Files (x86)\Windows Kits\10\Include\10.0.10240.0\ucrt\stdio.h(1769): note: see declaration of 'sprintf' (compiling source file src\model.cpp)
c:\users\mitnick\documents\visual_studio_2015\projects\projecttitan\projecttitan\src\cmath.hpp(762): warning C4996: 'sprintf': This function or variable may be unsafe. Consider using sprintf_s instead. To disable deprecation, use _CRT_SECURE_NO_WARNINGS. See online help for details. (compiling source file src\model.cpp)
  C:\Program Files (x86)\Windows Kits\10\Include\10.0.10240.0\ucrt\stdio.h(1769): note: see declaration of 'sprintf' (compiling source file src\model.cpp)
  pointsprite.cpp
c:\users\mitnick\documents\visual_studio_2015\projects\projecttitan\projecttitan\src\cmath.hpp(173): warning C4996: 'sprintf': This function or variable may be unsafe. Consider using sprintf_s instead. To disable deprecation, use _CRT_SECURE_NO_WARNINGS. See online help for details. (compiling source file src\opengltest.cpp)
  C:\Program Files (x86)\Windows Kits\10\Include\10.0.10240.0\ucrt\stdio.h(1769): note: see declaration of 'sprintf' (compiling source file src\opengltest.cpp)
c:\users\mitnick\documents\visual_studio_2015\projects\projecttitan\projecttitan\src\cmath.hpp(317): warning C4996: 'sprintf': This function or variable may be unsafe. Consider using sprintf_s instead. To disable deprecation, use _CRT_SECURE_NO_WARNINGS. See online help for details. (compiling source file src\opengltest.cpp)
  C:\Program Files (x86)\Windows Kits\10\Include\10.0.10240.0\ucrt\stdio.h(1769): note: see declaration of 'sprintf' (compiling source file src\opengltest.cpp)
c:\users\mitnick\documents\visual_studio_2015\projects\projecttitan\projecttitan\src\cmath.hpp(511): warning C4996: 'sprintf': This function or variable may be unsafe. Consider using sprintf_s instead. To disable deprecation, use _CRT_SECURE_NO_WARNINGS. See online help for details. (compiling source file src\opengltest.cpp)
  C:\Program Files (x86)\Windows Kits\10\Include\10.0.10240.0\ucrt\stdio.h(1769): note: see declaration of 'sprintf' (compiling source file src\opengltest.cpp)
c:\users\mitnick\documents\visual_studio_2015\projects\projecttitan\projecttitan\src\cmath.hpp(762): warning C4996: 'sprintf': This function or variable may be unsafe. Consider using sprintf_s instead. To disable deprecation, use _CRT_SECURE_NO_WARNINGS. See online help for details. (compiling source file src\opengltest.cpp)
  C:\Program Files (x86)\Windows Kits\10\Include\10.0.10240.0\ucrt\stdio.h(1769): note: see declaration of 'sprintf' (compiling source file src\opengltest.cpp)
  program.cpp
  scene.cpp
c:\users\mitnick\documents\visual_studio_2015\projects\projecttitan\projecttitan\src\cmath.hpp(173): warning C4996: 'sprintf': This function or variable may be unsafe. Consider using sprintf_s instead. To disable deprecation, use _CRT_SECURE_NO_WARNINGS. See online help for details. (compiling source file src\pointsprite.cpp)
  C:\Program Files (x86)\Windows Kits\10\Include\10.0.10240.0\ucrt\stdio.h(1769): note: see declaration of 'sprintf' (compiling source file src\pointsprite.cpp)
c:\users\mitnick\documents\visual_studio_2015\projects\projecttitan\projecttitan\src\cmath.hpp(317): warning C4996: 'sprintf': This function or variable may be unsafe. Consider using sprintf_s instead. To disable deprecation, use _CRT_SECURE_NO_WARNINGS. See online help for details. (compiling source file src\pointsprite.cpp)
  C:\Program Files (x86)\Windows Kits\10\Include\10.0.10240.0\ucrt\stdio.h(1769): note: see declaration of 'sprintf' (compiling source file src\pointsprite.cpp)
c:\users\mitnick\documents\visual_studio_2015\projects\projecttitan\projecttitan\src\cmath.hpp(511): warning C4996: 'sprintf': This function or variable may be unsafe. Consider using sprintf_s instead. To disable deprecation, use _CRT_SECURE_NO_WARNINGS. See online help for details. (compiling source file src\pointsprite.cpp)
  C:\Program Files (x86)\Windows Kits\10\Include\10.0.10240.0\ucrt\stdio.h(1769): note: see declaration of 'sprintf' (compiling source file src\pointsprite.cpp)
c:\users\mitnick\documents\visual_studio_2015\projects\projecttitan\projecttitan\src\cmath.hpp(762): warning C4996: 'sprintf': This function or variable may be unsafe. Consider using sprintf_s instead. To disable deprecation, use _CRT_SECURE_NO_WARNINGS. See online help for details. (compiling source file src\pointsprite.cpp)
  C:\Program Files (x86)\Windows Kits\10\Include\10.0.10240.0\ucrt\stdio.h(1769): note: see declaration of 'sprintf' (compiling source file src\pointsprite.cpp)
c:\users\mitnick\documents\visual_studio_2015\projects\projecttitan\projecttitan\src\cmath.hpp(173): warning C4996: 'sprintf': This function or variable may be unsafe. Consider using sprintf_s instead. To disable deprecation, use _CRT_SECURE_NO_WARNINGS. See online help for details. (compiling source file src\program.cpp)
  C:\Program Files (x86)\Windows Kits\10\Include\10.0.10240.0\ucrt\stdio.h(1769): note: see declaration of 'sprintf' (compiling source file src\program.cpp)
c:\users\mitnick\documents\visual_studio_2015\projects\projecttitan\projecttitan\src\cmath.hpp(317): warning C4996: 'sprintf': This function or variable may be unsafe. Consider using sprintf_s instead. To disable deprecation, use _CRT_SECURE_NO_WARNINGS. See online help for details. (compiling source file src\program.cpp)
  C:\Program Files (x86)\Windows Kits\10\Include\10.0.10240.0\ucrt\stdio.h(1769): note: see declaration of 'sprintf' (compiling source file src\program.cpp)
c:\users\mitnick\documents\visual_studio_2015\projects\projecttitan\projecttitan\src\cmath.hpp(511): warning C4996: 'sprintf': This function or variable may be unsafe. Consider using sprintf_s instead. To disable deprecation, use _CRT_SECURE_NO_WARNINGS. See online help for details. (compiling source file src\program.cpp)
  C:\Program Files (x86)\Windows Kits\10\Include\10.0.10240.0\ucrt\stdio.h(1769): note: see declaration of 'sprintf' (compiling source file src\program.cpp)
c:\users\mitnick\documents\visual_studio_2015\projects\projecttitan\projecttitan\src\cmath.hpp(762): warning C4996: 'sprintf': This function or variable may be unsafe. Consider using sprintf_s instead. To disable deprecation, use _CRT_SECURE_NO_WARNINGS. See online help for details. (compiling source file src\program.cpp)
  C:\Program Files (x86)\Windows Kits\10\Include\10.0.10240.0\ucrt\stdio.h(1769): note: see declaration of 'sprintf' (compiling source file src\program.cpp)
  shadow.cpp
c:\users\mitnick\documents\visual_studio_2015\projects\projecttitan\projecttitan\src\cmath.hpp(173): warning C4996: 'sprintf': This function or variable may be unsafe. Consider using sprintf_s instead. To disable deprecation, use _CRT_SECURE_NO_WARNINGS. See online help for details. (compiling source file src\scene.cpp)
  C:\Program Files (x86)\Windows Kits\10\Include\10.0.10240.0\ucrt\stdio.h(1769): note: see declaration of 'sprintf' (compiling source file src\scene.cpp)
c:\users\mitnick\documents\visual_studio_2015\projects\projecttitan\projecttitan\src\cmath.hpp(317): warning C4996: 'sprintf': This function or variable may be unsafe. Consider using sprintf_s instead. To disable deprecation, use _CRT_SECURE_NO_WARNINGS. See online help for details. (compiling source file src\scene.cpp)
  C:\Program Files (x86)\Windows Kits\10\Include\10.0.10240.0\ucrt\stdio.h(1769): note: see declaration of 'sprintf' (compiling source file src\scene.cpp)
c:\users\mitnick\documents\visual_studio_2015\projects\projecttitan\projecttitan\src\cmath.hpp(511): warning C4996: 'sprintf': This function or variable may be unsafe. Consider using sprintf_s instead. To disable deprecation, use _CRT_SECURE_NO_WARNINGS. See online help for details. (compiling source file src\scene.cpp)
  C:\Program Files (x86)\Windows Kits\10\Include\10.0.10240.0\ucrt\stdio.h(1769): note: see declaration of 'sprintf' (compiling source file src\scene.cpp)
c:\users\mitnick\documents\visual_studio_2015\projects\projecttitan\projecttitan\src\cmath.hpp(762): warning C4996: 'sprintf': This function or variable may be unsafe. Consider using sprintf_s instead. To disable deprecation, use _CRT_SECURE_NO_WARNINGS. See online help for details. (compiling source file src\scene.cpp)
  C:\Program Files (x86)\Windows Kits\10\Include\10.0.10240.0\ucrt\stdio.h(1769): note: see declaration of 'sprintf' (compiling source file src\scene.cpp)
  sprite.cpp
  terrain.cpp
c:\users\mitnick\documents\visual_studio_2015\projects\projecttitan\projecttitan\src\cmath.hpp(173): warning C4996: 'sprintf': This function or variable may be unsafe. Consider using sprintf_s instead. To disable deprecation, use _CRT_SECURE_NO_WARNINGS. See online help for details. (compiling source file src\shadow.cpp)
  C:\Program Files (x86)\Windows Kits\10\Include\10.0.10240.0\ucrt\stdio.h(1769): note: see declaration of 'sprintf' (compiling source file src\shadow.cpp)
c:\users\mitnick\documents\visual_studio_2015\projects\projecttitan\projecttitan\src\cmath.hpp(317): warning C4996: 'sprintf': This function or variable may be unsafe. Consider using sprintf_s instead. To disable deprecation, use _CRT_SECURE_NO_WARNINGS. See online help for details. (compiling source file src\shadow.cpp)
  C:\Program Files (x86)\Windows Kits\10\Include\10.0.10240.0\ucrt\stdio.h(1769): note: see declaration of 'sprintf' (compiling source file src\shadow.cpp)
  textbitmap.cpp
c:\users\mitnick\documents\visual_studio_2015\projects\projecttitan\projecttitan\src\cmath.hpp(511): warning C4996: 'sprintf': This function or variable may be unsafe. Consider using sprintf_s instead. To disable deprecation, use _CRT_SECURE_NO_WARNINGS. See online help for details. (compiling source file src\shadow.cpp)
  C:\Program Files (x86)\Windows Kits\10\Include\10.0.10240.0\ucrt\stdio.h(1769): note: see declaration of 'sprintf' (compiling source file src\shadow.cpp)
c:\users\mitnick\documents\visual_studio_2015\projects\projecttitan\projecttitan\src\cmath.hpp(762): warning C4996: 'sprintf': This function or variable may be unsafe. Consider using sprintf_s instead. To disable deprecation, use _CRT_SECURE_NO_WARNINGS. See online help for details. (compiling source file src\shadow.cpp)
  C:\Program Files (x86)\Windows Kits\10\Include\10.0.10240.0\ucrt\stdio.h(1769): note: see declaration of 'sprintf' (compiling source file src\shadow.cpp)
c:\users\mitnick\documents\visual_studio_2015\projects\projecttitan\projecttitan\src\cmath.hpp(173): warning C4996: 'sprintf': This function or variable may be unsafe. Consider using sprintf_s instead. To disable deprecation, use _CRT_SECURE_NO_WARNINGS. See online help for details. (compiling source file src\sprite.cpp)
  C:\Program Files (x86)\Windows Kits\10\Include\10.0.10240.0\ucrt\stdio.h(1769): note: see declaration of 'sprintf' (compiling source file src\sprite.cpp)
c:\users\mitnick\documents\visual_studio_2015\projects\projecttitan\projecttitan\src\cmath.hpp(317): warning C4996: 'sprintf': This function or variable may be unsafe. Consider using sprintf_s instead. To disable deprecation, use _CRT_SECURE_NO_WARNINGS. See online help for details. (compiling source file src\sprite.cpp)
  C:\Program Files (x86)\Windows Kits\10\Include\10.0.10240.0\ucrt\stdio.h(1769): note: see declaration of 'sprintf' (compiling source file src\sprite.cpp)
c:\users\mitnick\documents\visual_studio_2015\projects\projecttitan\projecttitan\src\cmath.hpp(511): warning C4996: 'sprintf': This function or variable may be unsafe. Consider using sprintf_s instead. To disable deprecation, use _CRT_SECURE_NO_WARNINGS. See online help for details. (compiling source file src\sprite.cpp)
  C:\Program Files (x86)\Windows Kits\10\Include\10.0.10240.0\ucrt\stdio.h(1769): note: see declaration of 'sprintf' (compiling source file src\sprite.cpp)
c:\users\mitnick\documents\visual_studio_2015\projects\projecttitan\projecttitan\src\cmath.hpp(762): warning C4996: 'sprintf': This function or variable may be unsafe. Consider using sprintf_s instead. To disable deprecation, use _CRT_SECURE_NO_WARNINGS. See online help for details. (compiling source file src\sprite.cpp)
  C:\Program Files (x86)\Windows Kits\10\Include\10.0.10240.0\ucrt\stdio.h(1769): note: see declaration of 'sprintf' (compiling source file src\sprite.cpp)
c:\users\mitnick\documents\visual_studio_2015\projects\projecttitan\projecttitan\src\cmath.hpp(173): warning C4996: 'sprintf': This function or variable may be unsafe. Consider using sprintf_s instead. To disable deprecation, use _CRT_SECURE_NO_WARNINGS. See online help for details. (compiling source file src\terrain.cpp)
  C:\Program Files (x86)\Windows Kits\10\Include\10.0.10240.0\ucrt\stdio.h(1769): note: see declaration of 'sprintf' (compiling source file src\terrain.cpp)
c:\users\mitnick\documents\visual_studio_2015\projects\projecttitan\projecttitan\src\cmath.hpp(317): warning C4996: 'sprintf': This function or variable may be unsafe. Consider using sprintf_s instead. To disable deprecation, use _CRT_SECURE_NO_WARNINGS. See online help for details. (compiling source file src\terrain.cpp)
  C:\Program Files (x86)\Windows Kits\10\Include\10.0.10240.0\ucrt\stdio.h(1769): note: see declaration of 'sprintf' (compiling source file src\terrain.cpp)
c:\users\mitnick\documents\visual_studio_2015\projects\projecttitan\projecttitan\src\cmath.hpp(511): warning C4996: 'sprintf': This function or variable may be unsafe. Consider using sprintf_s instead. To disable deprecation, use _CRT_SECURE_NO_WARNINGS. See online help for details. (compiling source file src\terrain.cpp)
  C:\Program Files (x86)\Windows Kits\10\Include\10.0.10240.0\ucrt\stdio.h(1769): note: see declaration of 'sprintf' (compiling source file src\terrain.cpp)
c:\users\mitnick\documents\visual_studio_2015\projects\projecttitan\projecttitan\src\cmath.hpp(762): warning C4996: 'sprintf': This function or variable may be unsafe. Consider using sprintf_s instead. To disable deprecation, use _CRT_SECURE_NO_WARNINGS. See online help for details. (compiling source file src\terrain.cpp)
  C:\Program Files (x86)\Windows Kits\10\Include\10.0.10240.0\ucrt\stdio.h(1769): note: see declaration of 'sprintf' (compiling source file src\terrain.cpp)
  unit.cpp
c:\users\mitnick\documents\visual_studio_2015\projects\projecttitan\projecttitan\src\cmath.hpp(173): warning C4996: 'sprintf': This function or variable may be unsafe. Consider using sprintf_s instead. To disable deprecation, use _CRT_SECURE_NO_WARNINGS. See online help for details. (compiling source file src\textbitmap.cpp)
  C:\Program Files (x86)\Windows Kits\10\Include\10.0.10240.0\ucrt\stdio.h(1769): note: see declaration of 'sprintf' (compiling source file src\textbitmap.cpp)
c:\users\mitnick\documents\visual_studio_2015\projects\projecttitan\projecttitan\src\cmath.hpp(317): warning C4996: 'sprintf': This function or variable may be unsafe. Consider using sprintf_s instead. To disable deprecation, use _CRT_SECURE_NO_WARNINGS. See online help for details. (compiling source file src\textbitmap.cpp)
  C:\Program Files (x86)\Windows Kits\10\Include\10.0.10240.0\ucrt\stdio.h(1769): note: see declaration of 'sprintf' (compiling source file src\textbitmap.cpp)
c:\users\mitnick\documents\visual_studio_2015\projects\projecttitan\projecttitan\src\cmath.hpp(511): warning C4996: 'sprintf': This function or variable may be unsafe. Consider using sprintf_s instead. To disable deprecation, use _CRT_SECURE_NO_WARNINGS. See online help for details. (compiling source file src\textbitmap.cpp)
  C:\Program Files (x86)\Windows Kits\10\Include\10.0.10240.0\ucrt\stdio.h(1769): note: see declaration of 'sprintf' (compiling source file src\textbitmap.cpp)
c:\users\mitnick\documents\visual_studio_2015\projects\projecttitan\projecttitan\src\cmath.hpp(762): warning C4996: 'sprintf': This function or variable may be unsafe. Consider using sprintf_s instead. To disable deprecation, use _CRT_SECURE_NO_WARNINGS. See online help for details. (compiling source file src\textbitmap.cpp)
  C:\Program Files (x86)\Windows Kits\10\Include\10.0.10240.0\ucrt\stdio.h(1769): note: see declaration of 'sprintf' (compiling source file src\textbitmap.cpp)
  utaircraft.cpp
  utils.cpp
  utterrain.cpp
c:\users\mitnick\documents\visual_studio_2015\projects\projecttitan\projecttitan\src\cmath.hpp(173): warning C4996: 'sprintf': This function or variable may be unsafe. Consider using sprintf_s instead. To disable deprecation, use _CRT_SECURE_NO_WARNINGS. See online help for details. (compiling source file src\unit.cpp)
  C:\Program Files (x86)\Windows Kits\10\Include\10.0.10240.0\ucrt\stdio.h(1769): note: see declaration of 'sprintf' (compiling source file src\unit.cpp)
c:\users\mitnick\documents\visual_studio_2015\projects\projecttitan\projecttitan\src\cmath.hpp(317): warning C4996: 'sprintf': This function or variable may be unsafe. Consider using sprintf_s instead. To disable deprecation, use _CRT_SECURE_NO_WARNINGS. See online help for details. (compiling source file src\unit.cpp)
  C:\Program Files (x86)\Windows Kits\10\Include\10.0.10240.0\ucrt\stdio.h(1769): note: see declaration of 'sprintf' (compiling source file src\unit.cpp)
c:\users\mitnick\documents\visual_studio_2015\projects\projecttitan\projecttitan\src\cmath.hpp(511): warning C4996: 'sprintf': This function or variable may be unsafe. Consider using sprintf_s instead. To disable deprecation, use _CRT_SECURE_NO_WARNINGS. See online help for details. (compiling source file src\unit.cpp)
  C:\Program Files (x86)\Windows Kits\10\Include\10.0.10240.0\ucrt\stdio.h(1769): note: see declaration of 'sprintf' (compiling source file src\unit.cpp)
c:\users\mitnick\documents\visual_studio_2015\projects\projecttitan\projecttitan\src\cmath.hpp(762): warning C4996: 'sprintf': This function or variable may be unsafe. Consider using sprintf_s instead. To disable deprecation, use _CRT_SECURE_NO_WARNINGS. See online help for details. (compiling source file src\unit.cpp)
  C:\Program Files (x86)\Windows Kits\10\Include\10.0.10240.0\ucrt\stdio.h(1769): note: see declaration of 'sprintf' (compiling source file src\unit.cpp)
c:\users\mitnick\documents\visual_studio_2015\projects\projecttitan\projecttitan\src\cmath.hpp(173): warning C4996: 'sprintf': This function or variable may be unsafe. Consider using sprintf_s instead. To disable deprecation, use _CRT_SECURE_NO_WARNINGS. See online help for details. (compiling source file src\utaircraft.cpp)
  C:\Program Files (x86)\Windows Kits\10\Include\10.0.10240.0\ucrt\stdio.h(1769): note: see declaration of 'sprintf' (compiling source file src\utaircraft.cpp)
c:\users\mitnick\documents\visual_studio_2015\projects\projecttitan\projecttitan\src\cmath.hpp(317): warning C4996: 'sprintf': This function or variable may be unsafe. Consider using sprintf_s instead. To disable deprecation, use _CRT_SECURE_NO_WARNINGS. See online help for details. (compiling source file src\utaircraft.cpp)
  C:\Program Files (x86)\Windows Kits\10\Include\10.0.10240.0\ucrt\stdio.h(1769): note: see declaration of 'sprintf' (compiling source file src\utaircraft.cpp)
c:\users\mitnick\documents\visual_studio_2015\projects\projecttitan\projecttitan\src\cmath.hpp(511): warning C4996: 'sprintf': This function or variable may be unsafe. Consider using sprintf_s instead. To disable deprecation, use _CRT_SECURE_NO_WARNINGS. See online help for details. (compiling source file src\utaircraft.cpp)
  C:\Program Files (x86)\Windows Kits\10\Include\10.0.10240.0\ucrt\stdio.h(1769): note: see declaration of 'sprintf' (compiling source file src\utaircraft.cpp)
c:\users\mitnick\documents\visual_studio_2015\projects\projecttitan\projecttitan\src\cmath.hpp(762): warning C4996: 'sprintf': This function or variable may be unsafe. Consider using sprintf_s instead. To disable deprecation, use _CRT_SECURE_NO_WARNINGS. See online help for details. (compiling source file src\utaircraft.cpp)
  C:\Program Files (x86)\Windows Kits\10\Include\10.0.10240.0\ucrt\stdio.h(1769): note: see declaration of 'sprintf' (compiling source file src\utaircraft.cpp)
c:\users\mitnick\documents\visual_studio_2015\projects\projecttitan\projecttitan\src\cmath.hpp(173): warning C4996: 'sprintf': This function or variable may be unsafe. Consider using sprintf_s instead. To disable deprecation, use _CRT_SECURE_NO_WARNINGS. See online help for details. (compiling source file src\utils.cpp)
  C:\Program Files (x86)\Windows Kits\10\Include\10.0.10240.0\ucrt\stdio.h(1769): note: see declaration of 'sprintf' (compiling source file src\utils.cpp)
c:\users\mitnick\documents\visual_studio_2015\projects\projecttitan\projecttitan\src\cmath.hpp(317): warning C4996: 'sprintf': This function or variable may be unsafe. Consider using sprintf_s instead. To disable deprecation, use _CRT_SECURE_NO_WARNINGS. See online help for details. (compiling source file src\utils.cpp)
  C:\Program Files (x86)\Windows Kits\10\Include\10.0.10240.0\ucrt\stdio.h(1769): note: see declaration of 'sprintf' (compiling source file src\utils.cpp)
c:\users\mitnick\documents\visual_studio_2015\projects\projecttitan\projecttitan\src\cmath.hpp(511): warning C4996: 'sprintf': This function or variable may be unsafe. Consider using sprintf_s instead. To disable deprecation, use _CRT_SECURE_NO_WARNINGS. See online help for details. (compiling source file src\utils.cpp)
  C:\Program Files (x86)\Windows Kits\10\Include\10.0.10240.0\ucrt\stdio.h(1769): note: see declaration of 'sprintf' (compiling source file src\utils.cpp)
c:\users\mitnick\documents\visual_studio_2015\projects\projecttitan\projecttitan\src\cmath.hpp(762): warning C4996: 'sprintf': This function or variable may be unsafe. Consider using sprintf_s instead. To disable deprecation, use _CRT_SECURE_NO_WARNINGS. See online help for details. (compiling source file src\utils.cpp)
  C:\Program Files (x86)\Windows Kits\10\Include\10.0.10240.0\ucrt\stdio.h(1769): note: see declaration of 'sprintf' (compiling source file src\utils.cpp)
src\utils.cpp(44): warning C4996: 'fopen': This function or variable may be unsafe. Consider using fopen_s instead. To disable deprecation, use _CRT_SECURE_NO_WARNINGS. See online help for details.
  C:\Program Files (x86)\Windows Kits\10\Include\10.0.10240.0\ucrt\stdio.h(205): note: see declaration of 'fopen'
c:\users\mitnick\documents\visual_studio_2015\projects\projecttitan\projecttitan\src\cmath.hpp(173): warning C4996: 'sprintf': This function or variable may be unsafe. Consider using sprintf_s instead. To disable deprecation, use _CRT_SECURE_NO_WARNINGS. See online help for details. (compiling source file src\utterrain.cpp)
  C:\Program Files (x86)\Windows Kits\10\Include\10.0.10240.0\ucrt\stdio.h(1769): note: see declaration of 'sprintf' (compiling source file src\utterrain.cpp)
c:\users\mitnick\documents\visual_studio_2015\projects\projecttitan\projecttitan\src\cmath.hpp(317): warning C4996: 'sprintf': This function or variable may be unsafe. Consider using sprintf_s instead. To disable deprecation, use _CRT_SECURE_NO_WARNINGS. See online help for details. (compiling source file src\utterrain.cpp)
  C:\Program Files (x86)\Windows Kits\10\Include\10.0.10240.0\ucrt\stdio.h(1769): note: see declaration of 'sprintf' (compiling source file src\utterrain.cpp)
c:\users\mitnick\documents\visual_studio_2015\projects\projecttitan\projecttitan\src\cmath.hpp(511): warning C4996: 'sprintf': This function or variable may be unsafe. Consider using sprintf_s instead. To disable deprecation, use _CRT_SECURE_NO_WARNINGS. See online help for details. (compiling source file src\utterrain.cpp)
  C:\Program Files (x86)\Windows Kits\10\Include\10.0.10240.0\ucrt\stdio.h(1769): note: see declaration of 'sprintf' (compiling source file src\utterrain.cpp)
c:\users\mitnick\documents\visual_studio_2015\projects\projecttitan\projecttitan\src\cmath.hpp(762): warning C4996: 'sprintf': This function or variable may be unsafe. Consider using sprintf_s instead. To disable deprecation, use _CRT_SECURE_NO_WARNINGS. See online help for details. (compiling source file src\utterrain.cpp)
  C:\Program Files (x86)\Windows Kits\10\Include\10.0.10240.0\ucrt\stdio.h(1769): note: see declaration of 'sprintf' (compiling source file src\utterrain.cpp)
  autofit.c
  ftbase.c
  ftbbox.c
  ftbdf.c
c:\users\mitnick\documents\visual_studio_2015\projects\projecttitan\projecttitan\freetype\src\autofit\afscript.h : warning C4819: The file contains a character that cannot be represented in the current code page (936). Save the file in Unicode format to prevent data loss (compiling source file freetype\src\autofit\autofit.c)
c:\users\mitnick\documents\visual_studio_2015\projects\projecttitan\projecttitan\freetype\src\autofit\afblue.c : warning C4819: The file contains a character that cannot be represented in the current code page (936). Save the file in Unicode format to prevent data loss (compiling source file freetype\src\autofit\autofit.c)
c:\users\mitnick\documents\visual_studio_2015\projects\projecttitan\projecttitan\freetype\src\autofit\afblue.c(253): warning C4819: The file contains a character that cannot be represented in the current code page (936). Save the file in Unicode format to prevent data loss (compiling source file freetype\src\autofit\autofit.c)
c:\users\mitnick\documents\visual_studio_2015\projects\projecttitan\projecttitan\freetype\src\autofit\afscript.h : warning C4819: The file contains a character that cannot be represented in the current code page (936). Save the file in Unicode format to prevent data loss (compiling source file freetype\src\autofit\autofit.c)
c:\users\mitnick\documents\visual_studio_2015\projects\projecttitan\projecttitan\freetype\src\autofit\afscript.h : warning C4819: The file contains a character that cannot be represented in the current code page (936). Save the file in Unicode format to prevent data loss (compiling source file freetype\src\autofit\autofit.c)
c:\users\mitnick\documents\visual_studio_2015\projects\projecttitan\projecttitan\freetype\src\autofit\afscript.h : warning C4819: The file contains a character that cannot be represented in the current code page (936). Save the file in Unicode format to prevent data loss (compiling source file freetype\src\autofit\autofit.c)
c:\users\mitnick\documents\visual_studio_2015\projects\projecttitan\projecttitan\freetype\src\autofit\afscript.h : warning C4819: The file contains a character that cannot be represented in the current code page (936). Save the file in Unicode format to prevent data loss (compiling source file freetype\src\autofit\autofit.c)
c:\users\mitnick\documents\visual_studio_2015\projects\projecttitan\projecttitan\freetype\src\autofit\afscript.h : warning C4819: The file contains a character that cannot be represented in the current code page (936). Save the file in Unicode format to prevent data loss (compiling source file freetype\src\autofit\autofit.c)
  ftbitmap.c
  ftcid.c
c:\users\mitnick\documents\visual_studio_2015\projects\projecttitan\projecttitan\freetype\src\base\ftrfork.c(902): warning C4996: 'strcat': This function or variable may be unsafe. Consider using strcat_s instead. To disable deprecation, use _CRT_SECURE_NO_WARNINGS. See online help for details. (compiling source file freetype\src\base\ftbase.c)
c:\users\mitnick\documents\visual_studio_2015\projects\projecttitan\projecttitan\freetype\src\base\ftrfork.c(903): warning C4996: 'strcat': This function or variable may be unsafe. Consider using strcat_s instead. To disable deprecation, use _CRT_SECURE_NO_WARNINGS. See online help for details. (compiling source file freetype\src\base\ftbase.c)
c:\users\mitnick\documents\visual_studio_2015\projects\projecttitan\projecttitan\freetype\src\base\ftrfork.c(890): warning C4996: 'strncpy': This function or variable may be unsafe. Consider using strncpy_s instead. To disable deprecation, use _CRT_SECURE_NO_WARNINGS. See online help for details. (compiling source file freetype\src\base\ftbase.c)
  C:\Program Files (x86)\Windows Kits\10\Include\10.0.10240.0\ucrt\string.h(346): note: see declaration of 'strncpy' (compiling source file freetype\src\base\ftbase.c)
  ftdebug.c
  ftfntfmt.c
  ftfstype.c
  ftgasp.c
  ftglyph.c
  ftgxval.c
  ftinit.c
  ftlcdfil.c
  ftmm.c
freetype\src\base\ftinit.c(249): warning C4996: 'getenv': This function or variable may be unsafe. Consider using _dupenv_s instead. To disable deprecation, use _CRT_SECURE_NO_WARNINGS. See online help for details.
  C:\Program Files (x86)\Windows Kits\10\Include\10.0.10240.0\ucrt\stdlib.h(1183): note: see declaration of 'getenv'
  ftotval.c
  ftpatent.c
  ftpfr.c
  ftstroke.c
  ftsynth.c
  ftsystem.c
  fttype1.c
  ftwinfnt.c
  bdf.c
freetype\src\base\ftsystem.c(240): warning C4996: 'fopen': This function or variable may be unsafe. Consider using fopen_s instead. To disable deprecation, use _CRT_SECURE_NO_WARNINGS. See online help for details.
  C:\Program Files (x86)\Windows Kits\10\Include\10.0.10240.0\ucrt\stdio.h(205): note: see declaration of 'fopen'
  ftcache.c
  cff.c
c:\users\mitnick\documents\visual_studio_2015\projects\projecttitan\projecttitan\freetype\src\bdf\bdflib.c(1825): warning C4996: 'sprintf': This function or variable may be unsafe. Consider using sprintf_s instead. To disable deprecation, use _CRT_SECURE_NO_WARNINGS. See online help for details. (compiling source file freetype\src\bdf\bdf.c)
  C:\Program Files (x86)\Windows Kits\10\Include\10.0.10240.0\ucrt\stdio.h(1769): note: see declaration of 'sprintf' (compiling source file freetype\src\bdf\bdf.c)
c:\users\mitnick\documents\visual_studio_2015\projects\projecttitan\projecttitan\freetype\src\bdf\bdflib.c(1838): warning C4996: 'sprintf': This function or variable may be unsafe. Consider using sprintf_s instead. To disable deprecation, use _CRT_SECURE_NO_WARNINGS. See online help for details. (compiling source file freetype\src\bdf\bdf.c)
  C:\Program Files (x86)\Windows Kits\10\Include\10.0.10240.0\ucrt\stdio.h(1769): note: see declaration of 'sprintf' (compiling source file freetype\src\bdf\bdf.c)
c:\users\mitnick\documents\visual_studio_2015\projects\projecttitan\projecttitan\freetype\src\bdf\bdflib.c(2167): warning C4996: 'sprintf': This function or variable may be unsafe. Consider using sprintf_s instead. To disable deprecation, use _CRT_SECURE_NO_WARNINGS. See online help for details. (compiling source file freetype\src\bdf\bdf.c)
  C:\Program Files (x86)\Windows Kits\10\Include\10.0.10240.0\ucrt\stdio.h(1769): note: see declaration of 'sprintf' (compiling source file freetype\src\bdf\bdf.c)
c:\users\mitnick\documents\visual_studio_2015\projects\projecttitan\projecttitan\freetype\src\bdf\bdflib.c(2175): warning C4996: 'sprintf': This function or variable may be unsafe. Consider using sprintf_s instead. To disable deprecation, use _CRT_SECURE_NO_WARNINGS. See online help for details. (compiling source file freetype\src\bdf\bdf.c)
  C:\Program Files (x86)\Windows Kits\10\Include\10.0.10240.0\ucrt\stdio.h(1769): note: see declaration of 'sprintf' (compiling source file freetype\src\bdf\bdf.c)
  type1cid.c
  ftgzip.c
  ftlzw.c
  pcf.c
  pfr.c
  psaux.c
  pshinter.c
  psmodule.c
  raster.c
  sfnt.c
  smooth.c
c:\users\mitnick\documents\visual_studio_2015\projects\projecttitan\projecttitan\freetype\src\sfnt\sfdriver.c(914): warning C4996: 'strcpy': This function or variable may be unsafe. Consider using strcpy_s instead. To disable deprecation, use _CRT_SECURE_NO_WARNINGS. See online help for details. (compiling source file freetype\src\sfnt\sfnt.c)
c:\users\mitnick\documents\visual_studio_2015\projects\projecttitan\projecttitan\freetype\src\sfnt\sfdriver.c(946): warning C4996: 'strcpy': This function or variable may be unsafe. Consider using strcpy_s instead. To disable deprecation, use _CRT_SECURE_NO_WARNINGS. See online help for details. (compiling source file freetype\src\sfnt\sfnt.c)
  truetype.c
c:\users\mitnick\documents\visual_studio_2015\projects\projecttitan\projecttitan\freetype\src\sfnt\ttload.c : warning C4819: The file contains a character that cannot be represented in the current code page (936). Save the file in Unicode format to prevent data loss (compiling source file freetype\src\sfnt\sfnt.c)
  type1.c
  type42.c
  winfnt.c
c:\users\mitnick\documents\visual_studio_2015\projects\projecttitan\projecttitan\freetype\src\truetype\ttobjs.c(801): warning C4819: The file contains a character that cannot be represented in the current code page (936). Save the file in Unicode format to prevent data loss (compiling source file freetype\src\truetype\truetype.c)
     Creating library C:\Users\mitnick\Documents\visual_studio_2015\Projects\ProjectTitan\Release\ProjectTitan.lib and object C:\Users\mitnick\Documents\visual_studio_2015\Projects\ProjectTitan\Release\ProjectTitan.exp
LINK : warning LNK4098: defaultlib 'LIBCMT' conflicts with use of other libs; use /NODEFAULTLIB:library
  Generating code
  All 3769 functions were compiled because no usable IPDB/IOBJ from previous compilation was found.
  Finished generating code
glew32s.lib(glew.obj) : warning LNK4099: PDB 'vc120.pdb' was not found with 'glew32s.lib(glew.obj)' or at 'C:\Users\mitnick\Documents\visual_studio_2015\Projects\ProjectTitan\Release\vc120.pdb'; linking object as if no debug info
  ProjectTitan.vcxproj -> C:\Users\mitnick\Documents\visual_studio_2015\Projects\ProjectTitan\Release\ProjectTitan.exe
  ProjectTitan.vcxproj -> C:\Users\mitnick\Documents\visual_studio_2015\Projects\ProjectTitan\Release\ProjectTitan.pdb (Full PDB)
