c:\users\mitnick\documents\visual_studio_2015\projects\projecttitan\projecttitan\release\buttons.obj
c:\users\mitnick\documents\visual_studio_2015\projects\projecttitan\projecttitan\release\framebuffer.obj
c:\users\mitnick\documents\visual_studio_2015\projects\projecttitan\projecttitan\release\model.obj
c:\users\mitnick\documents\visual_studio_2015\projects\projecttitan\projecttitan\release\shadow.obj
c:\users\mitnick\documents\visual_studio_2015\projects\projecttitan\projecttitan\release\unit.obj
c:\users\mitnick\documents\visual_studio_2015\projects\projecttitan\projecttitan\release\animation.obj
c:\users\mitnick\documents\visual_studio_2015\projects\projecttitan\projecttitan\release\main.obj
c:\users\mitnick\documents\visual_studio_2015\projects\projecttitan\projecttitan\release\scene.obj
c:\users\mitnick\documents\visual_studio_2015\projects\projecttitan\projecttitan\release\terrain.obj
c:\users\mitnick\documents\visual_studio_2015\projects\projecttitan\projecttitan\release\utterrain.obj
c:\users\mitnick\documents\visual_studio_2015\projects\projecttitan\projecttitan\release\fullscreenquad.obj
c:\users\mitnick\documents\visual_studio_2015\projects\projecttitan\projecttitan\release\program.obj
c:\users\mitnick\documents\visual_studio_2015\projects\projecttitan\projecttitan\release\utils.obj
c:\users\mitnick\documents\visual_studio_2015\projects\projecttitan\projecttitan\release\camera.obj
c:\users\mitnick\documents\visual_studio_2015\projects\projecttitan\projecttitan\release\pointsprite.obj
c:\users\mitnick\documents\visual_studio_2015\projects\projecttitan\projecttitan\release\utaircraft.obj
c:\users\mitnick\documents\visual_studio_2015\projects\projecttitan\projecttitan\release\vc140.pdb
c:\users\mitnick\documents\visual_studio_2015\projects\projecttitan\projecttitan\release\projecttitan.tlog\cl.command.1.tlog
c:\users\mitnick\documents\visual_studio_2015\projects\projecttitan\projecttitan\release\projecttitan.tlog\cl.read.1.tlog
c:\users\mitnick\documents\visual_studio_2015\projects\projecttitan\projecttitan\release\projecttitan.tlog\cl.write.1.tlog
