  animation.cpp
c:\users\mitnick\source\repos\projectairwar\projectairwar\define.h(15): fatal error C1083: 无法打开包括文件: “GL/glew.h”: No such file or directory
  buttons.cpp
c:\users\mitnick\source\repos\projectairwar\projectairwar\define.h(15): fatal error C1083: 无法打开包括文件: “GL/glew.h”: No such file or directory
  camera.cpp
c:\users\mitnick\source\repos\projectairwar\projectairwar\define.h(15): fatal error C1083: 无法打开包括文件: “GL/glew.h”: No such file or directory
  demo.cpp
c:\users\mitnick\source\repos\projectairwar\projectairwar\define.h(15): fatal error C1083: 无法打开包括文件: “GL/glew.h”: No such file or directory
  demo.h
c:\users\mitnick\source\repos\projectairwar\projectairwar\define.h(15): fatal error C1083: 无法打开包括文件: “GL/glew.h”: No such file or directory
  framebuffer.cpp
c:\users\mitnick\source\repos\projectairwar\projectairwar\define.h(15): fatal error C1083: 无法打开包括文件: “GL/glew.h”: No such file or directory
  fullscreenquad.cpp
c:\users\mitnick\source\repos\projectairwar\projectairwar\define.h(15): fatal error C1083: 无法打开包括文件: “GL/glew.h”: No such file or directory
  main.cpp
c:\users\mitnick\source\repos\projectairwar\projectairwar\define.h(15): fatal error C1083: 无法打开包括文件: “GL/glew.h”: No such file or directory
  model.cpp
c:\users\mitnick\source\repos\projectairwar\projectairwar\define.h(15): fatal error C1083: 无法打开包括文件: “GL/glew.h”: No such file or directory
  opengltest.cpp
c:\users\mitnick\source\repos\projectairwar\projectairwar\define.h(15): fatal error C1083: 无法打开包括文件: “GL/glew.h”: No such file or directory
  pointsprite.cpp
c:\users\mitnick\source\repos\projectairwar\projectairwar\define.h(15): fatal error C1083: 无法打开包括文件: “GL/glew.h”: No such file or directory
  program.cpp
c:\users\mitnick\source\repos\projectairwar\projectairwar\define.h(15): fatal error C1083: 无法打开包括文件: “GL/glew.h”: No such file or directory
  scene.cpp
c:\users\mitnick\source\repos\projectairwar\projectairwar\define.h(15): fatal error C1083: 无法打开包括文件: “GL/glew.h”: No such file or directory
  shadow.cpp
c:\users\mitnick\source\repos\projectairwar\projectairwar\define.h(15): fatal error C1083: 无法打开包括文件: “GL/glew.h”: No such file or directory
  terrain.cpp
c:\users\mitnick\source\repos\projectairwar\projectairwar\define.h(15): fatal error C1083: 无法打开包括文件: “GL/glew.h”: No such file or directory
  textbitmap.cpp
c:\users\mitnick\source\repos\projectairwar\projectairwar\define.h(15): fatal error C1083: 无法打开包括文件: “GL/glew.h”: No such file or directory
  unit.cpp
c:\users\mitnick\source\repos\projectairwar\projectairwar\define.h(15): fatal error C1083: 无法打开包括文件: “GL/glew.h”: No such file or directory
  utaircraft.cpp
c:\users\mitnick\source\repos\projectairwar\projectairwar\define.h(15): fatal error C1083: 无法打开包括文件: “GL/glew.h”: No such file or directory
  utils.cpp
c:\users\mitnick\source\repos\projectairwar\projectairwar\define.h(15): fatal error C1083: 无法打开包括文件: “GL/glew.h”: No such file or directory
  utterrain.cpp
c:\users\mitnick\source\repos\projectairwar\projectairwar\define.h(15): fatal error C1083: 无法打开包括文件: “GL/glew.h”: No such file or directory
  正在生成代码...
