d:\visual studio projects\projecttitan\projecttitan\debug\animation.obj
d:\visual studio projects\projecttitan\projecttitan\debug\program.obj
d:\visual studio projects\projecttitan\projecttitan\debug\sound.obj
d:\visual studio projects\projecttitan\projecttitan\debug\unit.obj
d:\visual studio projects\projecttitan\projecttitan\debug\utaircraft.obj
d:\visual studio projects\projecttitan\projecttitan\debug\framebuffer.obj
d:\visual studio projects\projecttitan\projecttitan\debug\model.obj
d:\visual studio projects\projecttitan\projecttitan\debug\terrain.obj
d:\visual studio projects\projecttitan\projecttitan\debug\textbitmap.obj
d:\visual studio projects\projecttitan\projecttitan\debug\opengltest.obj
d:\visual studio projects\projecttitan\projecttitan\debug\camera.obj
d:\visual studio projects\projecttitan\projecttitan\debug\scene.obj
d:\visual studio projects\projecttitan\projecttitan\debug\sprite.obj
d:\visual studio projects\projecttitan\projecttitan\debug\demo.obj
d:\visual studio projects\projecttitan\projecttitan\debug\fullscreenquad.obj
d:\visual studio projects\projecttitan\projecttitan\debug\pointsprite.obj
d:\visual studio projects\projecttitan\projecttitan\debug\shadow.obj
d:\visual studio projects\projecttitan\projecttitan\debug\utils.obj
d:\visual studio projects\projecttitan\projecttitan\debug\main.obj
d:\visual studio projects\projecttitan\projecttitan\debug\vc141.pdb
d:\visual studio projects\projecttitan\debug\projecttitan.ilk
d:\visual studio projects\projecttitan\debug\projecttitan.exe
d:\visual studio projects\projecttitan\debug\projecttitan.pdb
d:\visual studio projects\projecttitan\debug\projecttitan.lib
d:\visual studio projects\projecttitan\debug\projecttitan.exp
d:\visual studio projects\projecttitan\projecttitan\debug\vc141.idb
d:\visual studio projects\projecttitan\projecttitan\debug\projecttitan.tlog\cl.11052.write.1.tlog
d:\visual studio projects\projecttitan\projecttitan\debug\projecttitan.tlog\cl.command.1.tlog
d:\visual studio projects\projecttitan\projecttitan\debug\projecttitan.tlog\cl.read.1.tlog
d:\visual studio projects\projecttitan\projecttitan\debug\projecttitan.tlog\link.command.1.tlog
d:\visual studio projects\projecttitan\projecttitan\debug\projecttitan.tlog\link.read.1.tlog
d:\visual studio projects\projecttitan\projecttitan\debug\projecttitan.tlog\link.write.1.tlog
d:\visual studio projects\projecttitan\projecttitan\debug\projecttitan.tlog\projecttitan.write.1u.tlog
