c:\users\mitnick\documents\visual studio 2015\projects\projecttitan\projecttitan\debug\vc140.pdb
c:\users\mitnick\documents\visual studio 2015\projects\projecttitan\projecttitan\debug\vc140.idb
c:\users\mitnick\documents\visual studio 2015\projects\projecttitan\projecttitan\debug\animation.obj
c:\users\mitnick\documents\visual studio 2015\projects\projecttitan\projecttitan\debug\buttons.obj
c:\users\mitnick\documents\visual studio 2015\projects\projecttitan\projecttitan\debug\camera.obj
c:\users\mitnick\documents\visual studio 2015\projects\projecttitan\projecttitan\debug\demo.obj
c:\users\mitnick\documents\visual studio 2015\projects\projecttitan\projecttitan\debug\framebuffer.obj
c:\users\mitnick\documents\visual studio 2015\projects\projecttitan\projecttitan\debug\fullscreenquad.obj
c:\users\mitnick\documents\visual studio 2015\projects\projecttitan\projecttitan\debug\main.obj
c:\users\mitnick\documents\visual studio 2015\projects\projecttitan\projecttitan\debug\model.obj
c:\users\mitnick\documents\visual studio 2015\projects\projecttitan\projecttitan\debug\opengltest.obj
c:\users\mitnick\documents\visual studio 2015\projects\projecttitan\projecttitan\debug\pointsprite.obj
c:\users\mitnick\documents\visual studio 2015\projects\projecttitan\projecttitan\debug\program.obj
c:\users\mitnick\documents\visual studio 2015\projects\projecttitan\projecttitan\debug\scene.obj
c:\users\mitnick\documents\visual studio 2015\projects\projecttitan\projecttitan\debug\shadow.obj
c:\users\mitnick\documents\visual studio 2015\projects\projecttitan\projecttitan\debug\sprite.obj
c:\users\mitnick\documents\visual studio 2015\projects\projecttitan\projecttitan\debug\terrain.obj
c:\users\mitnick\documents\visual studio 2015\projects\projecttitan\projecttitan\debug\textbitmap.obj
c:\users\mitnick\documents\visual studio 2015\projects\projecttitan\projecttitan\debug\unit.obj
c:\users\mitnick\documents\visual studio 2015\projects\projecttitan\projecttitan\debug\utaircraft.obj
c:\users\mitnick\documents\visual studio 2015\projects\projecttitan\projecttitan\debug\utils.obj
c:\users\mitnick\documents\visual studio 2015\projects\projecttitan\projecttitan\debug\utterrain.obj
c:\users\mitnick\documents\visual studio 2015\projects\projecttitan\projecttitan\debug\fttype1.obj
c:\users\mitnick\documents\visual studio 2015\projects\projecttitan\projecttitan\debug\ftwinfnt.obj
c:\users\mitnick\documents\visual studio 2015\projects\projecttitan\projecttitan\debug\bdf.obj
c:\users\mitnick\documents\visual studio 2015\projects\projecttitan\projecttitan\debug\ftcache.obj
c:\users\mitnick\documents\visual studio 2015\projects\projecttitan\projecttitan\debug\cff.obj
c:\users\mitnick\documents\visual studio 2015\projects\projecttitan\projecttitan\debug\type1cid.obj
c:\users\mitnick\documents\visual studio 2015\projects\projecttitan\projecttitan\debug\ftgzip.obj
c:\users\mitnick\documents\visual studio 2015\projects\projecttitan\projecttitan\debug\ftlzw.obj
c:\users\mitnick\documents\visual studio 2015\projects\projecttitan\projecttitan\debug\pcf.obj
c:\users\mitnick\documents\visual studio 2015\projects\projecttitan\projecttitan\debug\pfr.obj
c:\users\mitnick\documents\visual studio 2015\projects\projecttitan\projecttitan\debug\psaux.obj
c:\users\mitnick\documents\visual studio 2015\projects\projecttitan\projecttitan\debug\pshinter.obj
c:\users\mitnick\documents\visual studio 2015\projects\projecttitan\projecttitan\debug\psmodule.obj
c:\users\mitnick\documents\visual studio 2015\projects\projecttitan\projecttitan\debug\raster.obj
c:\users\mitnick\documents\visual studio 2015\projects\projecttitan\projecttitan\debug\sfnt.obj
c:\users\mitnick\documents\visual studio 2015\projects\projecttitan\projecttitan\debug\smooth.obj
c:\users\mitnick\documents\visual studio 2015\projects\projecttitan\projecttitan\debug\truetype.obj
c:\users\mitnick\documents\visual studio 2015\projects\projecttitan\projecttitan\debug\type1.obj
c:\users\mitnick\documents\visual studio 2015\projects\projecttitan\projecttitan\debug\type42.obj
c:\users\mitnick\documents\visual studio 2015\projects\projecttitan\projecttitan\debug\winfnt.obj
c:\users\mitnick\documents\visual studio 2015\projects\projecttitan\projecttitan\debug\ftbase.obj
c:\users\mitnick\documents\visual studio 2015\projects\projecttitan\projecttitan\debug\ftbbox.obj
c:\users\mitnick\documents\visual studio 2015\projects\projecttitan\projecttitan\debug\ftbdf.obj
c:\users\mitnick\documents\visual studio 2015\projects\projecttitan\projecttitan\debug\ftbitmap.obj
c:\users\mitnick\documents\visual studio 2015\projects\projecttitan\projecttitan\debug\ftcid.obj
c:\users\mitnick\documents\visual studio 2015\projects\projecttitan\projecttitan\debug\ftdebug.obj
c:\users\mitnick\documents\visual studio 2015\projects\projecttitan\projecttitan\debug\ftfntfmt.obj
c:\users\mitnick\documents\visual studio 2015\projects\projecttitan\projecttitan\debug\ftfstype.obj
c:\users\mitnick\documents\visual studio 2015\projects\projecttitan\projecttitan\debug\ftgasp.obj
c:\users\mitnick\documents\visual studio 2015\projects\projecttitan\projecttitan\debug\ftglyph.obj
c:\users\mitnick\documents\visual studio 2015\projects\projecttitan\projecttitan\debug\ftgxval.obj
c:\users\mitnick\documents\visual studio 2015\projects\projecttitan\projecttitan\debug\ftinit.obj
c:\users\mitnick\documents\visual studio 2015\projects\projecttitan\projecttitan\debug\ftlcdfil.obj
c:\users\mitnick\documents\visual studio 2015\projects\projecttitan\projecttitan\debug\ftmm.obj
c:\users\mitnick\documents\visual studio 2015\projects\projecttitan\projecttitan\debug\ftotval.obj
c:\users\mitnick\documents\visual studio 2015\projects\projecttitan\projecttitan\debug\ftpatent.obj
c:\users\mitnick\documents\visual studio 2015\projects\projecttitan\projecttitan\debug\ftpfr.obj
c:\users\mitnick\documents\visual studio 2015\projects\projecttitan\projecttitan\debug\ftstroke.obj
c:\users\mitnick\documents\visual studio 2015\projects\projecttitan\projecttitan\debug\ftsynth.obj
c:\users\mitnick\documents\visual studio 2015\projects\projecttitan\projecttitan\debug\ftsystem.obj
c:\users\mitnick\documents\visual studio 2015\projects\projecttitan\projecttitan\debug\autofit.obj
c:\users\mitnick\documents\visual studio 2015\projects\projecttitan\debug\projecttitan.ilk
c:\users\mitnick\documents\visual studio 2015\projects\projecttitan\debug\projecttitan.exe
c:\users\mitnick\documents\visual studio 2015\projects\projecttitan\debug\projecttitan.pdb
c:\users\mitnick\documents\visual studio 2015\projects\projecttitan\debug\projecttitan.lib
c:\users\mitnick\documents\visual studio 2015\projects\projecttitan\debug\projecttitan.exp
c:\users\mitnick\documents\visual studio 2015\projects\projecttitan\projecttitan\debug\projecttitan.tlog\cl.command.1.tlog
c:\users\mitnick\documents\visual studio 2015\projects\projecttitan\projecttitan\debug\projecttitan.tlog\cl.read.1.tlog
c:\users\mitnick\documents\visual studio 2015\projects\projecttitan\projecttitan\debug\projecttitan.tlog\cl.write.1.tlog
c:\users\mitnick\documents\visual studio 2015\projects\projecttitan\projecttitan\debug\projecttitan.tlog\link.command.1.tlog
c:\users\mitnick\documents\visual studio 2015\projects\projecttitan\projecttitan\debug\projecttitan.tlog\link.read.1.tlog
c:\users\mitnick\documents\visual studio 2015\projects\projecttitan\projecttitan\debug\projecttitan.tlog\link.write.1.tlog
c:\users\mitnick\documents\visual studio 2015\projects\projecttitan\projecttitan\debug\projecttitan.tlog\projecttitan.write.1u.tlog
